#
# A fatal error has been detected by the Java Runtime Environment:
#
#  SIGSEGV (0xb) at pc=0xb6c7f908, pid=10018, tid=1590659904
#
# JRE version: Java(TM) SE Runtime Environment (7.0_67-b01) (build 1.7.0_67-b01)
# Java VM: Java HotSpot(TM) Server VM (24.65-b04 mixed mode linux-x86 )
# Problematic frame:
# V  [libjvm.so+0x44f908]  IndexSetIterator::advance_and_next()+0xa8
#
# Failed to write core dump. Core dumps have been disabled. To enable core dumping, try "ulimit -c unlimited" before starting Java again
#
# If you would like to submit a bug report, please visit:
#   http://bugreport.sun.com/bugreport/crash.jsp
#

---------------  T H R E A D  ---------------

Current thread (0x5ed7f800):  JavaThread "C2 CompilerThread0" daemon [_thread_in_native, id=10030, stack(0x5ec78000,0x5ecf9000)]

siginfo:si_signo=SIGSEGV: si_errno=0, si_code=1 (SEGV_MAPERR), si_addr=0x3711e5c0

Registers:
EAX=0x3711e5c0, EBX=0xb70fef14, ECX=0x5ecf6a4c, EDX=0x00000057
ESP=0x5ecf69f4, EBP=0x5ecf6a18, ESI=0x000000c0, EDI=0x00000030
EIP=0xb6c7f908, EFLAGS=0x00010a87, CR2=0x3711e5c0

Top of Stack: (sp=0x5ecf69f4)
0x5ecf69f4:   b7075b80 5ecf6a18 b711e5c0 00000000
0x5ecf6a04:   5dbf08c0 00000008 b70fef14 00002dd8
0x5ecf6a14:   5ecf6a4c 5ecf6a78 b6c7bae3 5ecf6a4c
0x5ecf6a24:   5d533390 00002dd8 00002dd8 00000000
0x5ecf6a34:   5ecf6a4c 00002dd8 00000004 000f0ae0
0x5ecf6a44:   000e5380 00000001 00000000 00000000
0x5ecf6a54:   00000008 3711e5c0 00000000 5c86ec78
0x5ecf6a64:   00000057 5d533390 b70fef14 5ecf6b44 

Instructions: (pc=0xb6c7f908)
0xb6c7f8e8:   e3 00 00 00 8d 34 bd 00 00 00 00 8b 4d 08 8b 41
0xb6c7f8f8:   14 8b 04 30 3b 45 e4 0f 84 be 00 00 00 89 41 0c
0xb6c7f908:   8b 08 85 c9 0f 85 4b 01 00 00 8b 48 04 85 c9 0f
0xb6c7f918:   85 9b 01 00 00 8b 48 08 85 c9 0f 85 9c 01 00 00 

Register to memory mapping:

EAX=0x3711e5c0 is an unknown value
EBX=0xb70fef14: <offset 0x8cef14> in /usr/lib/jvm/java-7-oracle/jre/lib/i386/server/libjvm.so at 0xb6830000
ECX=0x5ecf6a4c is pointing into the stack for thread: 0x5ed7f800
EDX=0x00000057 is an unknown value
ESP=0x5ecf69f4 is pointing into the stack for thread: 0x5ed7f800
EBP=0x5ecf6a18 is pointing into the stack for thread: 0x5ed7f800
ESI=0x000000c0 is an unknown value
EDI=0x00000030 is an unknown value


Stack: [0x5ec78000,0x5ecf9000],  sp=0x5ecf69f4,  free space=506k
Native frames: (J=compiled Java code, j=interpreted, Vv=VM code, C=native code)
V  [libjvm.so+0x44f908]  IndexSetIterator::advance_and_next()+0xa8
V  [libjvm.so+0x44bae3]  PhaseIFG::Compute_Effective_Degree()+0x113
V  [libjvm.so+0x2838b4]  PhaseChaitin::Register_Allocate()+0x8c4
V  [libjvm.so+0x2f28a7]  Compile::Code_Gen()+0x357
V  [libjvm.so+0x2f6d36]  Compile::Compile(ciEnv*, C2Compiler*, ciMethod*, int, bool, bool)+0x1186
V  [libjvm.so+0x26b5cf]  C2Compiler::compile_method(ciEnv*, ciMethod*, int)+0x19f
V  [libjvm.so+0x2fe685]  CompileBroker::invoke_compiler_on_method(CompileTask*)+0x345
V  [libjvm.so+0x2ff4ff]  CompileBroker::compiler_thread_loop()+0x42f
V  [libjvm.so+0x79b818]  compiler_thread_entry(JavaThread*, Thread*)+0x18
V  [libjvm.so+0x7a3349]  JavaThread::thread_main_inner()+0x109
V  [libjvm.so+0x7a34a3]  JavaThread::run()+0x123
V  [libjvm.so+0x686fc9]  java_start(Thread*)+0x119
C  [libpthread.so.0+0x6d4c]  start_thread+0xcc


Current CompileTask:
C2:   1187   25             org.objectweb.asm.ClassReader::accept (5621 bytes)


---------------  P R O C E S S  ---------------

Java Threads: ( => current thread )
  0x5ed83c00 JavaThread "Service Thread" daemon [_thread_blocked, id=10032, stack(0x5eba6000,0x5ebf7000)]
  0x5ed81800 JavaThread "C2 CompilerThread1" daemon [_thread_blocked, id=10031, stack(0x5ebf7000,0x5ec78000)]
=>0x5ed7f800 JavaThread "C2 CompilerThread0" daemon [_thread_in_native, id=10030, stack(0x5ec78000,0x5ecf9000)]
  0x5f894c00 JavaThread "Signal Dispatcher" daemon [_thread_blocked, id=10029, stack(0x62a2e000,0x62a7f000)]
  0x5f885400 JavaThread "Finalizer" daemon [_thread_blocked, id=10028, stack(0x62c2e000,0x62c7f000)]
  0x5f883c00 JavaThread "Reference Handler" daemon [_thread_blocked, id=10027, stack(0x62e2e000,0x62e7f000)]
  0xb6608400 JavaThread "main" [_thread_in_vm, id=10021, stack(0xb67b3000,0xb6804000)]

Other Threads:
  0x5f881000 VMThread [stack: 0x5f91a000,0x5f99b000] [id=10026]
  0x5ed8e000 WatcherThread [stack: 0x5eb25000,0x5eba6000] [id=10033]

VM state:not at safepoint (normal execution)

VM Mutex/Monitor currently owned by a thread: None

Heap
 PSYoungGen      total 19456K, used 14181K [0x9dfc0000, 0x9f540000, 0xb3540000)
  eden space 16896K, 71% used [0x9dfc0000,0x9eb82120,0x9f040000)
  from space 2560K, 83% used [0x9f2c0000,0x9f4d7690,0x9f540000)
  to   space 2560K, 0% used [0x9f040000,0x9f040000,0x9f2c0000)
 ParOldGen       total 43520K, used 8K [0x73540000, 0x75fc0000, 0x9dfc0000)
  object space 43520K, 0% used [0x73540000,0x73542000,0x75fc0000)
 PSPermGen       total 16384K, used 5496K [0x63540000, 0x64540000, 0x73540000)
  object space 16384K, 33% used [0x63540000,0x63a9e240,0x64540000)

Card table byte_map: [0x632bf000,0x63540000] byte_map_base: 0x62fa4600

Polling page: 0xb7721000

Code Cache  [0xb3600000, 0xb3840000, 0xb6600000)
 total_blobs=225 nmethods=97 adapters=82 free_code_cache=48595Kb largest_free_block=49732416

Compilation events (10 events):
Event: 1.032 Thread 0x5ed81800 nmethod 91 0xb3683cc8 code [0xb3683fa0, 0xb3685590]
Event: 1.032 Thread 0x5ed81800   92             org.objectweb.asm.ClassWriter::a (91 bytes)
Event: 1.077 Thread 0x5ed81800 nmethod 92 0xb3687388 code [0xb3687640, 0xb3688b9c]
Event: 1.077 Thread 0x5ed81800   93             org.objectweb.asm.ClassWriter::a (15 bytes)
Event: 1.080 Thread 0x5ed81800 nmethod 93 0xb367ef48 code [0xb367f060, 0xb367f2a4]
Event: 1.080 Thread 0x5ed81800   94             java.lang.StringBuilder::append (8 bytes)
Event: 1.087 Thread 0x5ed81800 nmethod 94 0xb36819c8 code [0xb3681ae0, 0xb3681ed0]
Event: 1.087 Thread 0x5ed81800   95             org.objectweb.asm.MethodWriter::visitInsn (95 bytes)
Event: 1.094 Thread 0x5ed81800 nmethod 95 0xb36810c8 code [0xb3681220, 0xb3681610]
Event: 1.106 Thread 0x5ed81800   96             org.objectweb.asm.ClassWriter::toByteArray (993 bytes)

GC Heap History (4 events):
Event: 0.517 GC heap before
{Heap before GC invocations=1 (full 0):
 PSYoungGen      total 19456K, used 16896K [0x9dfc0000, 0x9f540000, 0xb3540000)
  eden space 16896K, 100% used [0x9dfc0000,0x9f040000,0x9f040000)
  from space 2560K, 0% used [0x9f2c0000,0x9f2c0000,0x9f540000)
  to   space 2560K, 0% used [0x9f040000,0x9f040000,0x9f2c0000)
 ParOldGen       total 43520K, used 0K [0x73540000, 0x75fc0000, 0x9dfc0000)
  object space 43520K, 0% used [0x73540000,0x73540000,0x75fc0000)
 PSPermGen       total 16384K, used 2554K [0x63540000, 0x64540000, 0x73540000)
  object space 16384K, 15% used [0x63540000,0x637beaa0,0x64540000)
Event: 0.521 GC heap after
Heap after GC invocations=1 (full 0):
 PSYoungGen      total 19456K, used 1893K [0x9dfc0000, 0x9f540000, 0xb3540000)
  eden space 16896K, 0% used [0x9dfc0000,0x9dfc0000,0x9f040000)
  from space 2560K, 73% used [0x9f040000,0x9f219558,0x9f2c0000)
  to   space 2560K, 0% used [0x9f2c0000,0x9f2c0000,0x9f540000)
 ParOldGen       total 43520K, used 4K [0x73540000, 0x75fc0000, 0x9dfc0000)
  object space 43520K, 0% used [0x73540000,0x73541000,0x75fc0000)
 PSPermGen       total 16384K, used 2554K [0x63540000, 0x64540000, 0x73540000)
  object space 16384K, 15% used [0x63540000,0x637beaa0,0x64540000)
}
Event: 0.919 GC heap before
{Heap before GC invocations=2 (full 0):
 PSYoungGen      total 19456K, used 18789K [0x9dfc0000, 0x9f540000, 0xb3540000)
  eden space 16896K, 100% used [0x9dfc0000,0x9f040000,0x9f040000)
  from space 2560K, 73% used [0x9f040000,0x9f219558,0x9f2c0000)
  to   space 2560K, 0% used [0x9f2c0000,0x9f2c0000,0x9f540000)
 ParOldGen       total 43520K, used 4K [0x73540000, 0x75fc0000, 0x9dfc0000)
  object space 43520K, 0% used [0x73540000,0x73541000,0x75fc0000)
 PSPermGen       total 16384K, used 4964K [0x63540000, 0x64540000, 0x73540000)
  object space 16384K, 30% used [0x63540000,0x63a190c0,0x64540000)
Event: 0.923 GC heap after
Heap after GC invocations=2 (full 0):
 PSYoungGen      total 19456K, used 2141K [0x9dfc0000, 0x9f540000, 0xb3540000)
  eden space 16896K, 0% used [0x9dfc0000,0x9dfc0000,0x9f040000)
  from space 2560K, 83% used [0x9f2c0000,0x9f4d7690,0x9f540000)
  to   space 2560K, 0% used [0x9f040000,0x9f040000,0x9f2c0000)
 ParOldGen       total 43520K, used 8K [0x73540000, 0x75fc0000, 0x9dfc0000)
  object space 43520K, 0% used [0x73540000,0x73542000,0x75fc0000)
 PSPermGen       total 16384K, used 4964K [0x63540000, 0x64540000, 0x73540000)
  object space 16384K, 30% used [0x63540000,0x63a190c0,0x64540000)
}

Deoptimization events (2 events):
Event: 0.404 Thread 0xb6608400 Uncommon trap: reason=class_check action=maybe_recompile pc=0xb364dae0 method=java.lang.String.equals(Ljava/lang/Object;)Z @ 8
Event: 0.657 Thread 0xb6608400 Uncommon trap: reason=null_check action=make_not_entrant pc=0xb364daf4 method=java.lang.String.equals(Ljava/lang/Object;)Z @ 8

Internal exceptions (10 events):
Event: 1.106 Thread 0xb6608400 Threw 0x9ea11ee0 at /HUDSON/workspace/7u-2-build-linux-i586/jdk7u67/1368/hotspot/src/share/vm/prims/jvm.cpp:1244
Event: 1.107 Thread 0xb6608400 Threw 0x9ea1f080 at /HUDSON/workspace/7u-2-build-linux-i586/jdk7u67/1368/hotspot/src/share/vm/prims/jvm.cpp:1244
Event: 1.108 Thread 0xb6608400 Threw 0x9ea253d8 at /HUDSON/workspace/7u-2-build-linux-i586/jdk7u67/1368/hotspot/src/share/vm/prims/jvm.cpp:1244
Event: 1.109 Thread 0xb6608400 Threw 0x9ea2b7b0 at /HUDSON/workspace/7u-2-build-linux-i586/jdk7u67/1368/hotspot/src/share/vm/prims/jvm.cpp:1244
Event: 1.110 Thread 0xb6608400 Threw 0x9ea37428 at /HUDSON/workspace/7u-2-build-linux-i586/jdk7u67/1368/hotspot/src/share/vm/prims/jvm.cpp:1244
Event: 1.152 Thread 0xb6608400 Threw 0x9ea6f7b0 at /HUDSON/workspace/7u-2-build-linux-i586/jdk7u67/1368/hotspot/src/share/vm/prims/jvm.cpp:1244
Event: 1.154 Thread 0xb6608400 Threw 0x9ea7ca78 at /HUDSON/workspace/7u-2-build-linux-i586/jdk7u67/1368/hotspot/src/share/vm/prims/jvm.cpp:1244
Event: 1.155 Thread 0xb6608400 Threw 0x9ea90d80 at /HUDSON/workspace/7u-2-build-linux-i586/jdk7u67/1368/hotspot/src/share/vm/prims/jvm.cpp:1244
Event: 1.166 Thread 0xb6608400 Threw 0x9ea9d0c0 at /HUDSON/workspace/7u-2-build-linux-i586/jdk7u67/1368/hotspot/src/share/vm/prims/jvm.cpp:1244
Event: 1.167 Thread 0xb6608400 Threw 0x9eaabac0 at /HUDSON/workspace/7u-2-build-linux-i586/jdk7u67/1368/hotspot/src/share/vm/prims/jvm.cpp:1244

Events (10 events):
Event: 1.152 loading class 0x5c466788
Event: 1.152 loading class 0x5c466788 done
Event: 1.154 loading class 0x5c457bf0
Event: 1.154 loading class 0x5c457bf0 done
Event: 1.155 loading class 0x5c4669f8
Event: 1.155 loading class 0x5c4669f8 done
Event: 1.166 loading class 0x5c45edb8
Event: 1.166 loading class 0x5c45edb8 done
Event: 1.167 loading class 0x5c45f1e0
Event: 1.167 loading class 0x5c45f1e0 done


Dynamic libraries:
08048000-08049000 r-xp 00000000 08:01 9306760    /usr/lib/jvm/java-7-oracle/jre/bin/java
08049000-0804a000 rw-p 00000000 08:01 9306760    /usr/lib/jvm/java-7-oracle/jre/bin/java
0986f000-09890000 rw-p 00000000 00:00 0          [heap]
5c0c7000-5c400000 rw-p 00000000 00:00 0 
5c400000-5c484000 rw-p 00000000 00:00 0 
5c484000-5c500000 ---p 00000000 00:00 0 
5c500000-5c536000 rw-p 00000000 00:00 0 
5c536000-5c600000 ---p 00000000 00:00 0 
5c600000-5c6f6000 rw-p 00000000 00:00 0 
5c6f6000-5c700000 ---p 00000000 00:00 0 
5c700000-5c7c2000 rw-p 00000000 00:00 0 
5c7c2000-5c800000 ---p 00000000 00:00 0 
5c800000-5ca00000 rw-p 00000000 00:00 0 
5ca00000-5cc00000 rw-p 00000000 00:00 0 
5cc00000-5ce00000 rw-p 00000000 00:00 0 
5ce00000-5cefe000 rw-p 00000000 00:00 0 
5cefe000-5cf00000 ---p 00000000 00:00 0 
5cf00000-5d000000 rw-p 00000000 00:00 0 
5d000000-5d200000 rw-p 00000000 00:00 0 
5d200000-5d2ec000 rw-p 00000000 00:00 0 
5d2ec000-5d300000 ---p 00000000 00:00 0 
5d44e000-5d600000 rw-p 00000000 00:00 0 
5d600000-5d6fc000 rw-p 00000000 00:00 0 
5d6fc000-5d700000 ---p 00000000 00:00 0 
5d700000-5d7ff000 rw-p 00000000 00:00 0 
5d7ff000-5d800000 ---p 00000000 00:00 0 
5d800000-5d8f0000 rw-p 00000000 00:00 0 
5d8f0000-5d900000 ---p 00000000 00:00 0 
5d900000-5d9fc000 rw-p 00000000 00:00 0 
5d9fc000-5da00000 ---p 00000000 00:00 0 
5da00000-5dc00000 rw-p 00000000 00:00 0 
5dc00000-5dcfb000 rw-p 00000000 00:00 0 
5dcfb000-5dd00000 ---p 00000000 00:00 0 
5de00000-5defe000 rw-p 00000000 00:00 0 
5defe000-5df00000 ---p 00000000 00:00 0 
5df57000-5e000000 rw-p 00000000 00:00 0 
5e000000-5e0fc000 rw-p 00000000 00:00 0 
5e0fc000-5e100000 ---p 00000000 00:00 0 
5e143000-5e200000 rw-p 00000000 00:00 0 
5e200000-5e2f3000 rw-p 00000000 00:00 0 
5e2f3000-5e300000 ---p 00000000 00:00 0 
5e300000-5e3cf000 rw-p 00000000 00:00 0 
5e3cf000-5e400000 ---p 00000000 00:00 0 
5e400000-5e4fd000 rw-p 00000000 00:00 0 
5e4fd000-5e500000 ---p 00000000 00:00 0 
5e500000-5e5fa000 rw-p 00000000 00:00 0 
5e5fa000-5e600000 ---p 00000000 00:00 0 
5e600000-5e6e2000 rw-p 00000000 00:00 0 
5e6e2000-5e700000 ---p 00000000 00:00 0 
5e700000-5e7f6000 rw-p 00000000 00:00 0 
5e7f6000-5e800000 ---p 00000000 00:00 0 
5e800000-5e900000 rw-p 00000000 00:00 0 
5e900000-5e9fd000 rw-p 00000000 00:00 0 
5e9fd000-5ea00000 ---p 00000000 00:00 0 
5ea00000-5eafe000 rw-p 00000000 00:00 0 
5eafe000-5eb00000 ---p 00000000 00:00 0 
5eb00000-5eb15000 r-xp 00000000 08:01 9310764    /usr/lib/jvm/java-7-oracle/jre/lib/i386/libnet.so
5eb15000-5eb16000 rw-p 00014000 08:01 9310764    /usr/lib/jvm/java-7-oracle/jre/lib/i386/libnet.so
5eb16000-5eb24000 r-xp 00000000 08:01 9310695    /usr/lib/jvm/java-7-oracle/jre/lib/i386/libnio.so
5eb24000-5eb25000 rw-p 0000e000 08:01 9310695    /usr/lib/jvm/java-7-oracle/jre/lib/i386/libnio.so
5eb25000-5eb26000 ---p 00000000 00:00 0 
5eb26000-5eba6000 rw-p 00000000 00:00 0          [stack:10033]
5eba6000-5eba9000 ---p 00000000 00:00 0 
5eba9000-5ebf7000 rw-p 00000000 00:00 0          [stack:10032]
5ebf7000-5ebfa000 ---p 00000000 00:00 0 
5ebfa000-5ec78000 rw-p 00000000 00:00 0          [stack:10031]
5ec78000-5ec7b000 ---p 00000000 00:00 0 
5ec7b000-5ecf9000 rw-p 00000000 00:00 0          [stack:10030]
5ecf9000-5ecfb000 r--s 00016000 08:01 26741531   /home/abhinav/.m2/repository/org/powermock/powermock-module-javaagent/1.4.9/powermock-module-javaagent-1.4.9.jar
5ecfb000-5ed00000 r--s 00034000 08:01 4722633    /home/abhinav/Desktop/newMS-302/TAMA-Web/tama.web/target/tama-0.7-SNAPSHOT-classes.jar
5ed00000-5ee00000 rw-p 00000000 00:00 0 
5ee01000-5ee04000 r--s 0001e000 08:01 26740773   /home/abhinav/.m2/repository/org/mortbay/jetty/servlet-api-2.5/6.1.2/servlet-api-2.5-6.1.2.jar
5ee04000-5ee07000 r--s 0001d000 08:01 24514689   /home/abhinav/.m2/repository/org/mortbay/jetty/jetty-util/6.1.2/jetty-util-6.1.2.jar
5ee07000-5ee0d000 r--s 0006e000 08:01 24255927   /home/abhinav/.m2/repository/org/mortbay/jetty/jetty/6.1.2/jetty-6.1.2.jar
5ee0d000-5ee0f000 r--s 00003000 08:01 27394641   /home/abhinav/.m2/repository/org/motechproject/motech-sms-http/0.10.5-SNAPSHOT/motech-sms-http-0.10.5-SNAPSHOT.jar
5ee0f000-5ee10000 r--s 00002000 08:01 27394577   /home/abhinav/.m2/repository/org/motechproject/motech-sms-api/0.10.5-SNAPSHOT/motech-sms-api-0.10.5-SNAPSHOT.jar
5ee10000-5ee13000 r--s 00015000 08:01 23201885   /home/abhinav/.m2/repository/commons-pool/commons-pool/1.5.4/commons-pool-1.5.4.jar
5ee13000-5ee16000 r--s 00025000 08:01 23201884   /home/abhinav/.m2/repository/commons-dbcp/commons-dbcp/1.4/commons-dbcp-1.4.jar
5ee16000-5ee18000 r--s 00004000 08:01 26610053   /home/abhinav/.m2/repository/org/motechproject/motech-platform-scheduler/0.10.5-SNAPSHOT/motech-platform-scheduler-0.10.5-SNAPSHOT.jar
5ee18000-5ee1a000 r--s 00003000 08:01 26870494   /home/abhinav/.m2/repository/org/motechproject/motech-platform-decisiontree-common/0.10.5-SNAPSHOT/motech-platform-decisiontree-common-0.10.5-SNAPSHOT.jar
5ee1a000-5ee1c000 r--s 00003000 08:01 26870550   /home/abhinav/.m2/repository/org/motechproject/motech-platform-decisiontree/0.10.5-SNAPSHOT/motech-platform-decisiontree-0.10.5-SNAPSHOT.jar
5ee1c000-5ee1e000 r--s 0000d000 08:01 26870723   /home/abhinav/.m2/repository/org/springframework/ws/spring-xml/1.0-m2/spring-xml-1.0-m2.jar
5ee1e000-5ee20000 r--s 0000a000 08:01 26870724   /home/abhinav/.m2/repository/org/springframework/ws/spring-oxm/1.0-m2/spring-oxm-1.0-m2.jar
5ee20000-5ee22000 r--s 00001000 08:01 26870722   /home/abhinav/.m2/repository/org/springframework/ws/spring-oxm-tiger/1.0-m2/spring-oxm-tiger-1.0-m2.jar
5ee22000-5ee24000 r--s 00008000 08:01 26870755   /home/abhinav/.m2/repository/org/motechproject/motech-pillreminder/0.10.5-SNAPSHOT/motech-pillreminder-0.10.5-SNAPSHOT.jar
5ee24000-5ee26000 r--s 00008000 08:01 26739709   /home/abhinav/.m2/repository/org/json/json/20080701/json-20080701.jar
5ee26000-5ee27000 r--s 00005000 08:01 26871687   /home/abhinav/.m2/repository/com/ozonetel/kookoo/kookoo/1.1/kookoo-1.1.jar
5ee27000-5ee29000 r--s 00008000 08:01 27002274   /home/abhinav/.m2/repository/org/motechproject/motech-ivr-kookoo/0.10.5-SNAPSHOT/motech-ivr-kookoo-0.10.5-SNAPSHOT.jar
5ee29000-5ee47000 r--s 00546000 08:01 25954104   /home/abhinav/.m2/repository/com/ibm/icu/icu4j/4.0.1/icu4j-4.0.1.jar
5ee47000-5ee4c000 r--s 0002c000 08:01 25954102   /home/abhinav/.m2/repository/commons-net/commons-net/2.0/commons-net-2.0.jar
5ee4c000-5ee4e000 r--s 00003000 08:01 25954101   /home/abhinav/.m2/repository/org/apache/geronimo/specs/geronimo-j2ee-management_1.1_spec/1.0.1/geronimo-j2ee-management_1.1_spec-1.0.1.jar
5ee4e000-5ee52000 r--s 00024000 08:01 25954100   /home/abhinav/.m2/repository/org/osgi/org.osgi.core/4.1.0/org.osgi.core-4.1.0.jar
5ee52000-5ee55000 r--s 00022000 08:01 25954099   /home/abhinav/.m2/repository/org/apache/activemq/protobuf/activemq-protobuf/1.1/activemq-protobuf-1.1.jar
5ee55000-5ee58000 r--s 00023000 08:01 25954098   /home/abhinav/.m2/repository/org/apache/activemq/kahadb/5.4.2/kahadb-5.4.2.jar
5ee58000-5ee5c000 r--s 00016000 08:01 25954097   /home/abhinav/.m2/repository/org/apache/activemq/activeio-core/3.1.2/activeio-core-3.1.2.jar
5ee5c000-5ee5e000 r--s 00006000 08:01 25954096   /home/abhinav/.m2/repository/org/apache/geronimo/specs/geronimo-jms_1.1_spec/1.1.1/geronimo-jms_1.1_spec-1.1.1.jar
5ee5e000-5ee5f000 r--s 0000a000 08:01 23201468   /home/abhinav/.m2/repository/commons-logging/commons-logging-api/1.1/commons-logging-api-1.1.jar
5ee5f000-5ee95000 r--s 002f5000 08:01 25954095   /home/abhinav/.m2/repository/org/apache/activemq/activemq-core/5.4.2/activemq-core-5.4.2.jar
5ee95000-5ef00000 r--s 00e22000 08:01 9443658    /usr/lib/jvm/java-7-oracle/lib/tools.jar
5ef00000-5effe000 rw-p 00000000 00:00 0 
5effe000-5f000000 ---p 00000000 00:00 0 
5f00d000-5f017000 r--s 00251000 08:01 9308142    /usr/lib/jvm/java-7-oracle/jre/lib/resources.jar
5f017000-5f019000 r--s 00007000 08:01 27525399   /home/abhinav/.m2/repository/org/apache/maven/surefire/surefire-junit4/2.12/surefire-junit4-2.12.jar
5f019000-5f01d000 r--s 00027000 08:01 26084385   /home/abhinav/.m2/repository/com/google/code/gson/gson/1.7.1/gson-1.7.1.jar
5f01d000-5f01e000 r--s 00003000 08:01 23204389   /home/abhinav/.m2/repository/javax/transaction/jta/1.1/jta-1.1.jar
5f01e000-5f025000 r--s 00066000 08:01 26479012   /home/abhinav/.m2/repository/org/quartz-scheduler/quartz/1.8.4/quartz-1.8.4.jar
5f025000-5f027000 r--s 0000b000 08:01 26479005   /home/abhinav/.m2/repository/org/motechproject/motech-platform-common/0.10.5-SNAPSHOT/motech-platform-common-0.10.5-SNAPSHOT.jar
5f027000-5f029000 r--s 00007000 08:01 27525936   /home/abhinav/.m2/repository/org/motechproject/tama/tama.common/0.7-SNAPSHOT/tama.common-0.7-SNAPSHOT.jar
5f029000-5f02c000 r--s 00011000 08:01 27527933   /home/abhinav/.m2/repository/org/springframework/security/spring-security-acl/3.1.2.RELEASE/spring-security-acl-3.1.2.RELEASE.jar
5f02c000-5f02e000 r--s 00004000 08:01 27527932   /home/abhinav/.m2/repository/org/springframework/security/spring-security-taglibs/3.1.2.RELEASE/spring-security-taglibs-3.1.2.RELEASE.jar
5f02e000-5f035000 r--s 00037000 08:01 23201903   /home/abhinav/.m2/repository/org/springframework/security/spring-security-web/3.1.2.RELEASE/spring-security-web-3.1.2.RELEASE.jar
5f035000-5f038000 r--s 0002f000 08:01 23201904   /home/abhinav/.m2/repository/org/springframework/security/spring-security-config/3.1.2.RELEASE/spring-security-config-3.1.2.RELEASE.jar
5f038000-5f043000 r--s 00049000 08:01 23201902   /home/abhinav/.m2/repository/org/springframework/security/spring-security-core/3.1.2.RELEASE/spring-security-core-3.1.2.RELEASE.jar
5f043000-5f04e000 r--s 00082000 08:01 25431325   /home/abhinav/.m2/repository/org/springframework/spring-webmvc/3.1.2.RELEASE/spring-webmvc-3.1.2.RELEASE.jar
5f04e000-5f05a000 r--s 0007a000 08:01 23334586   /home/abhinav/.m2/repository/org/springframework/spring-web/3.1.2.RELEASE/spring-web-3.1.2.RELEASE.jar
5f05a000-5f05d000 r--s 00018000 08:01 25431326   /home/abhinav/.m2/repository/org/springframework/spring-context-support/3.1.2.RELEASE/spring-context-support-3.1.2.RELEASE.jar
5f05d000-5f05f000 r--s 0000b000 08:01 27395427   /home/abhinav/.m2/repository/org/springframework/spring-aspects/3.1.2.RELEASE/spring-aspects-3.1.2.RELEASE.jar
5f05f000-5f06b000 r--s 00085000 08:01 23334560   /home/abhinav/.m2/repository/org/springframework/spring-beans/3.1.2.RELEASE/spring-beans-3.1.2.RELEASE.jar
5f06b000-5f06c000 r--s 00004000 08:01 26348649   /home/abhinav/.m2/repository/org/motechproject/tama/reports/tama-reports-contract/1.0-SNAPSHOT/tama-reports-contract-1.0-SNAPSHOT.jar
5f06c000-5f070000 r--s 00027000 08:01 23334568   /home/abhinav/.m2/repository/org/springframework/spring-expression/3.1.2.RELEASE/spring-expression-3.1.2.RELEASE.jar
5f070000-5f085000 r--s 000b7000 08:01 23334562   /home/abhinav/.m2/repository/org/springframework/spring-context/3.1.2.RELEASE/spring-context-3.1.2.RELEASE.jar
5f085000-5f08b000 r--s 00033000 08:01 25954661   /home/abhinav/.m2/repository/org/springframework/spring-test/3.1.2.RELEASE/spring-test-3.1.2.RELEASE.jar
5f08b000-5f092000 r--s 00035000 08:01 27395421   /home/abhinav/.m2/repository/org/springframework/spring-tx/3.1.2.RELEASE/spring-tx-3.1.2.RELEASE.jar
5f092000-5f0e6000 r--s 003ed000 08:01 26871686   /home/abhinav/.m2/repository/org/springframework/webflow/spring-js-resources/2.2.1.RELEASE/spring-js-resources-2.2.1.RELEASE.jar
5f0e6000-5f0eb000 r--s 0002c000 08:01 27526153   /home/abhinav/.m2/repository/org/springframework/spring-jms/3.1.2.RELEASE/spring-jms-3.1.2.RELEASE.jar
5f0eb000-5f0f5000 r--s 00059000 08:01 27395404   /home/abhinav/.m2/repository/org/springframework/spring-jdbc/3.1.2.RELEASE/spring-jdbc-3.1.2.RELEASE.jar
5f0f5000-5f0f7000 r--s 00000000 08:01 23201892   /home/abhinav/.m2/repository/aopalliance/aopalliance/1.0/aopalliance-1.0.jar
5f0f7000-5f100000 r--s 00049000 08:01 23334561   /home/abhinav/.m2/repository/org/springframework/spring-aop/3.1.2.RELEASE/spring-aop-3.1.2.RELEASE.jar
5f100000-5f200000 rw-p 00000000 00:00 0 
5f200000-5f300000 rw-p 00000000 00:00 0 
5f300000-5f301000 rw-p 00000000 00:00 0 
5f301000-5f30e000 r--s 00071000 08:01 26479023   /home/abhinav/.m2/repository/org/springframework/integration/spring-integration-core/2.0.3.RELEASE/spring-integration-core-2.0.3.RELEASE.jar
5f30e000-5f310000 r--s 0000d000 08:01 26479021   /home/abhinav/.m2/repository/org/springframework/integration/spring-integration-jms/2.0.3.RELEASE/spring-integration-jms-2.0.3.RELEASE.jar
5f310000-5f31e000 r--s 0018b000 08:01 25692367   /home/abhinav/.m2/repository/org/eclipse/jdt/core/compiler/ecj/3.5.1/ecj-3.5.1.jar
5f31e000-5f321000 r--s 00022000 08:01 24907818   /home/abhinav/.m2/repository/org/antlr/antlr-runtime/3.1.3/antlr-runtime-3.1.3.jar
5f321000-5f333000 r--s 00100000 08:01 22678575   /home/abhinav/.m2/repository/org/drools/drools-compiler/5.1.1/drools-compiler-5.1.1.jar
5f333000-5f33f000 r--s 00098000 08:01 26479018   /home/abhinav/.m2/repository/org/mvel/mvel2/2.0.16/mvel2-2.0.16.jar
5f33f000-5f367000 r--s 001da000 08:01 22678574   /home/abhinav/.m2/repository/org/drools/drools-core/5.1.1/drools-core-5.1.1.jar
5f367000-5f36f000 r--s 0001f000 08:01 22678573   /home/abhinav/.m2/repository/org/drools/drools-api/5.1.1/drools-api-5.1.1.jar
5f36f000-5f375000 r--s 0005a000 08:01 26479016   /home/abhinav/.m2/repository/org/apache/felix/org.apache.felix.framework/3.0.8/org.apache.felix.framework-3.0.8.jar
5f375000-5f377000 r--s 00008000 08:01 26479006   /home/abhinav/.m2/repository/org/motechproject/motech-platform-server-api/0.10.5-SNAPSHOT/motech-platform-server-api-0.10.5-SNAPSHOT.jar
5f377000-5f379000 r--s 00007000 08:01 26870666   /home/abhinav/.m2/repository/org/motechproject/motech-pillreminder-api/0.10.5-SNAPSHOT/motech-pillreminder-api-0.10.5-SNAPSHOT.jar
5f379000-5f385000 r--s 00068000 08:01 22678572   /home/abhinav/.m2/repository/org/asteriskjava/asterisk-java/1.0.0.M3/asterisk-java-1.0.0.M3.jar
5f385000-5f387000 r--s 00003000 08:01 26479007   /home/abhinav/.m2/repository/org/motechproject/motech-platform-ivr/0.10.5-SNAPSHOT/motech-platform-ivr-0.10.5-SNAPSHOT.jar
5f387000-5f388000 r--s 00002000 08:01 27526497   /home/abhinav/.m2/repository/net/sf/kxml/kxml2-min/2.3.0/kxml2-min-2.3.0.jar
5f388000-5f394000 r--s 0006d000 08:01 27526496   /home/abhinav/.m2/repository/com/thoughtworks/xstream/xstream/1.4/xstream-1.4.jar
5f394000-5f398000 r--s 00017000 08:01 27526700   /home/abhinav/.m2/repository/org/motechproject/tama/tama.ivr/0.7-SNAPSHOT/tama.ivr-0.7-SNAPSHOT.jar
5f398000-5f39a000 r--s 00005000 08:01 26871659   /home/abhinav/.m2/repository/org/motechproject/motech-alerts-api/0.10.5-SNAPSHOT/motech-alerts-api-0.10.5-SNAPSHOT.jar
5f39a000-5f39e000 r--s 0001d000 08:01 27526472   /home/abhinav/.m2/repository/org/motechproject/tama/tama.patient/0.7-SNAPSHOT/tama.patient-0.7-SNAPSHOT.jar
5f39e000-5f3a0000 r--s 00002000 08:01 26609832   /home/abhinav/.m2/repository/org/motechproject/tama-motech-contrib/motech-http-client/0.10-SNAPSHOT/motech-http-client-0.10-SNAPSHOT.jar
5f3a0000-5f3a2000 r--s 00002000 08:01 27526230   /home/abhinav/.m2/repository/org/motechproject/tama/tama.reporting/0.7-SNAPSHOT/tama.reporting-0.7-SNAPSHOT.jar
5f3a2000-5f3a4000 r--s 00018000 08:01 23334232   /home/abhinav/.m2/repository/javax/servlet/servlet-api/2.5/servlet-api-2.5.jar
5f3a4000-5f3a6000 r--s 00003000 08:01 26870812   /home/abhinav/.m2/repository/org/motechproject/motech-cmslite-api/0.10.5-SNAPSHOT/motech-cmslite-api-0.10.5-SNAPSHOT.jar
5f3a6000-5f3ab000 r--s 00018000 08:01 26348737   /home/abhinav/.m2/repository/org/aspectj/aspectjrt/1.6.8/aspectjrt-1.6.8.jar
5f3ab000-5f3ad000 r--s 00001000 08:01 27525975   /home/abhinav/.m2/repository/org/motechproject/motech-seed/0.12-SNAPSHOT/motech-seed-0.12-SNAPSHOT.jar
5f3ad000-5f3b0000 r--s 00010000 08:01 27526120   /home/abhinav/.m2/repository/org/motechproject/tama/tama.refdata/0.7-SNAPSHOT/tama.refdata-0.7-SNAPSHOT.jar
5f3b0000-5f3b2000 r--s 00005000 08:01 27526326   /home/abhinav/.m2/repository/org/motechproject/tama/tama.facility/0.7-SNAPSHOT/tama.facility-0.7-SNAPSHOT.jar
5f3b2000-5f3b3000 r--s 0000c000 08:01 23334564   /home/abhinav/.m2/repository/org/springframework/spring-asm/3.1.2.RELEASE/spring-asm-3.1.2.RELEASE.jar
5f3b3000-5f3bd000 r--s 00064000 08:01 23334563   /home/abhinav/.m2/repository/org/springframework/spring-core/3.1.2.RELEASE/spring-core-3.1.2.RELEASE.jar
5f3bd000-5f3c3000 r--s 0007e000 08:01 27790228   /home/abhinav/.m2/repository/org/apache/derby/derbyclient/10.8.2.2/derbyclient-10.8.2.2.jar
5f3c3000-5f3e0000 r--s 0017c000 08:01 26084511   /home/abhinav/.m2/repository/org/apache/poi/poi/3.7/poi-3.7.jar
5f3e0000-5f3ea000 r--s 0005c000 08:01 23462461   /home/abhinav/.m2/repository/javax/servlet/jstl/1.2/jstl-1.2.jar
5f3ea000-5f3ec000 r--s 0000c000 08:01 27527926   /home/abhinav/.m2/repository/org/apache/tiles/tiles-servlet/2.2.1/tiles-servlet-2.2.1.jar
5f3ec000-5f3ee000 r--s 0000a000 08:01 27527924   /home/abhinav/.m2/repository/org/apache/tiles/tiles-jsp/2.2.1/tiles-jsp-2.2.1.jar
5f3ee000-5f3f1000 r--s 0000c000 08:01 27394412   /home/abhinav/.m2/repository/commons-fileupload/commons-fileupload/1.2.1/commons-fileupload-1.2.1.jar
5f3f1000-5f3f6000 r--s 00034000 08:01 26871688   /home/abhinav/.m2/repository/commons-beanutils/commons-beanutils/1.8.0/commons-beanutils-1.8.0.jar
5f3f6000-5f3fa000 r--s 00021000 08:01 26871685   /home/abhinav/.m2/repository/commons-digester/commons-digester/2.0/commons-digester-2.0.jar
5f3fa000-5f3fc000 r--s 00006000 08:01 27527923   /home/abhinav/.m2/repository/org/apache/tiles/tiles-api/2.2.1/tiles-api-2.2.1.jar
5f3fc000-5f400000 r--s 00022000 08:01 27527921   /home/abhinav/.m2/repository/org/apache/tiles/tiles-core/2.2.1/tiles-core-2.2.1.jar
5f400000-5f600000 r--p 00000000 08:01 8788590    /usr/lib/locale/locale-archive
5f600000-5f6fa000 rw-p 00000000 00:00 0 
5f6fa000-5f700000 ---p 00000000 00:00 0 
5f700000-5f721000 rw-p 00000000 00:00 0 
5f721000-5f800000 ---p 00000000 00:00 0 
5f800000-5f8f9000 rw-p 00000000 00:00 0 
5f8f9000-5f900000 ---p 00000000 00:00 0 
5f900000-5f901000 rw-p 00000000 00:00 0 
5f901000-5f908000 r--s 000b5000 08:01 24514700   /home/abhinav/.m2/repository/mysql/mysql-connector-java/5.1.13/mysql-connector-java-5.1.13.jar
5f908000-5f90e000 r--s 00045000 08:01 23331361   /home/abhinav/.m2/repository/commons-httpclient/commons-httpclient/3.1/commons-httpclient-3.1.jar
5f90e000-5f914000 r--s 00033000 08:01 23334492   /home/abhinav/.m2/repository/commons-codec/commons-codec/1.6/commons-codec-1.6.jar
5f914000-5f91a000 r--s 00031000 08:01 24778661   /home/abhinav/.m2/repository/org/apache/httpcomponents/httpcore/4.2.2/httpcore-4.2.2.jar
5f91a000-5f91b000 ---p 00000000 00:00 0 
5f91b000-5f9e6000 rw-p 00000000 00:00 0          [stack:10026]
5f9e6000-5fba5000 r--s 039e5000 08:01 9310658    /usr/lib/jvm/java-7-oracle/jre/lib/rt.jar
5fba5000-62900000 rw-p 00000000 00:00 0 
62900000-62a00000 rw-p 00000000 00:00 0 
62a00000-62a04000 r--s 0002a000 08:01 25954203   /home/abhinav/.m2/repository/commons-io/commons-io/2.4/commons-io-2.4.jar
62a04000-62a0d000 r--s 00060000 08:01 27525821   /home/abhinav/.m2/repository/org/apache/httpcomponents/httpclient/4.2.2/httpclient-4.2.2.jar
62a0d000-62a13000 r--s 00059000 08:01 23204246   /home/abhinav/.m2/repository/javax/mail/mail/1.4/mail-1.4.jar
62a13000-62a18000 r--s 00040000 08:01 24255939   /home/abhinav/.m2/repository/commons-lang/commons-lang/2.5/commons-lang-2.5.jar
62a18000-62a2e000 r--s 00181000 08:01 26871003   /home/abhinav/.m2/repository/org/aspectj/aspectjweaver/1.6.9/aspectjweaver-1.6.9.jar
62a2e000-62a31000 ---p 00000000 00:00 0 
62a31000-62a7f000 rw-p 00000000 00:00 0          [stack:10029]
62a7f000-62a80000 ---p 00000000 00:00 0 
62a80000-62b00000 rw-p 00000000 00:00 0          [stack:10025]
62b00000-62b21000 rw-p 00000000 00:00 0 
62b21000-62c00000 ---p 00000000 00:00 0 
62c00000-62c02000 r--s 0000d000 08:01 23201888   /home/abhinav/.m2/repository/commons-logging/commons-logging/1.1.1/commons-logging-1.1.1.jar
62c02000-62c09000 r--s 00040000 08:01 27395431   /home/abhinav/.m2/repository/cglib/cglib/2.2.2/cglib-2.2.2.jar
62c09000-62c0a000 r--s 00003000 08:01 26871002   /home/abhinav/.m2/repository/org/ektorp/org.ektorp.spring/1.2.2/org.ektorp.spring-1.2.2.jar
62c0a000-62c0c000 r--s 00018000 08:01 24645256   /home/abhinav/.m2/repository/org/apache/httpcomponents/httpclient-cache/4.1.1/httpclient-cache-4.1.1.jar
62c0c000-62c11000 r--s 00037000 08:01 26477933   /home/abhinav/.m2/repository/org/ektorp/org.ektorp/1.2.2/org.ektorp-1.2.2.jar
62c11000-62c20000 r--s 0007c000 08:01 23201922   /home/abhinav/.m2/repository/joda-time/joda-time/2.0/joda-time-2.0.jar
62c20000-62c26000 r--s 0007e000 08:01 26476841   /home/abhinav/.m2/repository/postgresql/postgresql/9.1-901.jdbc4/postgresql-9.1-901.jdbc4.jar
62c26000-62c2e000 r--s 00066000 08:01 26610059   /home/abhinav/.m2/repository/org/apache/velocity/velocity/1.7/velocity-1.7.jar
62c2e000-62c31000 ---p 00000000 00:00 0 
62c31000-62c7f000 rw-p 00000000 00:00 0          [stack:10028]
62c7f000-62c80000 ---p 00000000 00:00 0 
62c80000-62d00000 rw-p 00000000 00:00 0          [stack:10024]
62d00000-62d21000 rw-p 00000000 00:00 0 
62d21000-62e00000 ---p 00000000 00:00 0 
62e00000-62e03000 r--s 00009000 08:01 23201917   /home/abhinav/.m2/repository/javax/validation/validation-api/1.0.0.GA/validation-api-1.0.0.GA.jar
62e03000-62e0a000 r--s 00037000 08:01 24385099   /home/abhinav/.m2/repository/junit/junit/4.10/junit-4.10.jar
62e0a000-62e19000 r--s 000b0000 08:01 23331339   /home/abhinav/.m2/repository/org/codehaus/jackson/jackson-mapper-asl/1.9.9/jackson-mapper-asl-1.9.9.jar
62e19000-62e1d000 r--s 00035000 08:01 23331340   /home/abhinav/.m2/repository/org/codehaus/jackson/jackson-core-asl/1.9.9/jackson-core-asl-1.9.9.jar
62e1d000-62e22000 r--s 00026000 08:01 27525820   /home/abhinav/.m2/repository/org/jasypt/jasypt/1.7/jasypt-1.7.jar
62e22000-62e2b000 r--s 0006d000 08:01 23467149   /home/abhinav/.m2/repository/log4j/log4j/1.2.16/log4j-1.2.16.jar
62e2b000-62e2c000 r--s 00002000 08:01 25824181   /home/abhinav/.m2/repository/org/slf4j/slf4j-log4j12/1.6.1/slf4j-log4j12-1.6.1.jar
62e2c000-62e2e000 r--s 00003000 08:01 23727203   /home/abhinav/.m2/repository/org/slf4j/jcl-over-slf4j/1.6.1/jcl-over-slf4j-1.6.1.jar
62e2e000-62e31000 ---p 00000000 00:00 0 
62e31000-62e7f000 rw-p 00000000 00:00 0          [stack:10027]
62e7f000-62e80000 ---p 00000000 00:00 0 
62e80000-62f00000 rw-p 00000000 00:00 0          [stack:10023]
62f00000-62f21000 rw-p 00000000 00:00 0 
62f21000-63000000 ---p 00000000 00:00 0 
63000000-63001000 r--s 00001000 08:01 26348719   /home/abhinav/.m2/repository/org/motechproject/motech-testing-utils/0.10.5-SNAPSHOT/motech-testing-utils-0.10.5-SNAPSHOT.jar
63001000-63003000 r--s 00005000 08:01 23201914   /home/abhinav/.m2/repository/org/slf4j/slf4j-api/1.6.1/slf4j-api-1.6.1.jar
63003000-63005000 r--s 0000d000 08:01 24907455   /home/abhinav/.m2/repository/org/jboss/logging/jboss-logging/3.1.0.CR2/jboss-logging-3.1.0.CR2.jar
63005000-63011000 r--s 00069000 08:01 27395616   /home/abhinav/.m2/repository/org/hibernate/hibernate-validator/4.3.0.Final/hibernate-validator-4.3.0.Final.jar
63011000-63020000 r--s 00199000 08:01 22678523   /home/abhinav/.m2/repository/org/projectlombok/lombok/0.10.8/lombok-0.10.8.jar
63020000-6302d000 r--s 0007f000 08:01 26346622   /home/abhinav/.m2/repository/commons-collections/commons-collections/3.2/commons-collections-3.2.jar
6302d000-6304a000 r--s 0013c000 08:01 26348835   /home/abhinav/.m2/repository/org/mockito/mockito-all/1.8.4/mockito-all-1.8.4.jar
6304a000-63068000 rw-p 00000000 00:00 0 
63068000-63069000 ---p 00000000 00:00 0 
63069000-630f1000 rw-p 00000000 00:00 0          [stack:10022]
630f1000-63169000 rw-p 00000000 00:00 0 
63169000-6317f000 rw-p 00000000 00:00 0 
6317f000-632bf000 rw-p 00000000 00:00 0 
632bf000-632c7000 rw-p 00000000 00:00 0 
632c7000-6333f000 rw-p 00000000 00:00 0 
6333f000-63355000 rw-p 00000000 00:00 0 
63355000-63494000 rw-p 00000000 00:00 0 
63494000-6349f000 rw-p 00000000 00:00 0 
6349f000-6353f000 rw-p 00000000 00:00 0 
6353f000-64540000 rw-p 00000000 00:00 0 
64540000-73540000 rw-p 00000000 00:00 0 
73540000-75fc0000 rw-p 00000000 00:00 0 
75fc0000-9dfc0000 rw-p 00000000 00:00 0 
9dfc0000-9f540000 rw-p 00000000 00:00 0 
9f540000-b3540000 rw-p 00000000 00:00 0 
b3540000-b3549000 rw-p 00000000 00:00 0 
b3549000-b3600000 rw-p 00000000 00:00 0 
b3600000-b3840000 rwxp 00000000 00:00 0 
b3840000-b66f6000 rw-p 00000000 00:00 0 
b66f6000-b6700000 ---p 00000000 00:00 0 
b6700000-b6702000 r--s 0000e000 08:01 23331338   /home/abhinav/.m2/repository/javax/activation/activation/1.1/activation-1.1.jar
b6702000-b6705000 r--s 0000b000 08:01 23462445   /home/abhinav/.m2/repository/javax/persistence/persistence-api/1.0.2/persistence-api-1.0.2.jar
b6705000-b670b000 r--s 00049000 08:01 22939658   /home/abhinav/.m2/repository/cglib/cglib-nodep/2.2/cglib-nodep-2.2.jar
b670b000-b670d000 r--s 00007000 08:01 26346260   /home/abhinav/.m2/repository/org/objenesis/objenesis/1.2/objenesis-1.2.jar
b670d000-b6714000 r--s 0007e000 08:01 26347882   /home/abhinav/.m2/repository/org/hamcrest/hamcrest-all/1.1/hamcrest-all-1.1.jar
b6714000-b672b000 r-xp 00000000 08:01 9310779    /usr/lib/jvm/java-7-oracle/jre/lib/i386/libzip.so
b672b000-b672c000 rw-p 00017000 08:01 9310779    /usr/lib/jvm/java-7-oracle/jre/lib/i386/libzip.so
b672c000-b6737000 r-xp 00000000 08:01 2888495    /lib/i386-linux-gnu/libnss_files-2.15.so
b6737000-b6738000 r--p 0000a000 08:01 2888495    /lib/i386-linux-gnu/libnss_files-2.15.so
b6738000-b6739000 rw-p 0000b000 08:01 2888495    /lib/i386-linux-gnu/libnss_files-2.15.so
b6739000-b6743000 r-xp 00000000 08:01 2888502    /lib/i386-linux-gnu/libnss_nis-2.15.so
b6743000-b6744000 r--p 00009000 08:01 2888502    /lib/i386-linux-gnu/libnss_nis-2.15.so
b6744000-b6745000 rw-p 0000a000 08:01 2888502    /lib/i386-linux-gnu/libnss_nis-2.15.so
b6745000-b675b000 r-xp 00000000 08:01 2888481    /lib/i386-linux-gnu/libnsl-2.15.so
b675b000-b675c000 r--p 00015000 08:01 2888481    /lib/i386-linux-gnu/libnsl-2.15.so
b675c000-b675d000 rw-p 00016000 08:01 2888481    /lib/i386-linux-gnu/libnsl-2.15.so
b675d000-b675f000 rw-p 00000000 00:00 0 
b675f000-b6766000 r-xp 00000000 08:01 2888498    /lib/i386-linux-gnu/libnss_compat-2.15.so
b6766000-b6767000 r--p 00006000 08:01 2888498    /lib/i386-linux-gnu/libnss_compat-2.15.so
b6767000-b6768000 rw-p 00007000 08:01 2888498    /lib/i386-linux-gnu/libnss_compat-2.15.so
b6768000-b6769000 r--s 00004000 08:01 27527927   /home/abhinav/.m2/repository/org/apache/tiles/tiles-template/2.2.1/tiles-template-2.2.1.jar
b6769000-b676a000 r--s 0000a000 08:01 26347156   /home/abhinav/.m2/repository/asm/asm/3.3.1/asm-3.3.1.jar
b676a000-b676c000 r--s 00007000 08:01 25824206   /home/abhinav/.m2/repository/joda-time/joda-time-jsptags/1.1.1/joda-time-jsptags-1.1.1.jar
b676c000-b6770000 r--s 0001e000 08:01 26476834   /home/abhinav/.m2/repository/com/googlecode/lambdaj/lambdaj/2.3.3/lambdaj-2.3.3.jar
b6770000-b6774000 r--s 0001b000 08:01 23466880   /home/abhinav/.m2/repository/org/apache/maven/surefire/surefire-api/2.12/surefire-api-2.12.jar
b6774000-b677c000 rw-s 00000000 08:01 29888694   /tmp/hsperfdata_abhinav/10018
b677c000-b6785000 r-xp 00000000 08:01 9310795    /usr/lib/jvm/java-7-oracle/jre/lib/i386/libinstrument.so
b6785000-b6786000 rw-p 00008000 08:01 9310795    /usr/lib/jvm/java-7-oracle/jre/lib/i386/libinstrument.so
b6786000-b67a9000 r-xp 00000000 08:01 9310761    /usr/lib/jvm/java-7-oracle/jre/lib/i386/libjava.so
b67a9000-b67aa000 rw-p 00023000 08:01 9310761    /usr/lib/jvm/java-7-oracle/jre/lib/i386/libjava.so
b67aa000-b67b1000 r-xp 00000000 08:01 2888501    /lib/i386-linux-gnu/librt-2.15.so
b67b1000-b67b2000 r--p 00006000 08:01 2888501    /lib/i386-linux-gnu/librt-2.15.so
b67b2000-b67b3000 rw-p 00007000 08:01 2888501    /lib/i386-linux-gnu/librt-2.15.so
b67b3000-b67b6000 ---p 00000000 00:00 0 
b67b6000-b6804000 rw-p 00000000 00:00 0          [stack:10021]
b6804000-b682e000 r-xp 00000000 08:01 2888497    /lib/i386-linux-gnu/libm-2.15.so
b682e000-b682f000 r--p 00029000 08:01 2888497    /lib/i386-linux-gnu/libm-2.15.so
b682f000-b6830000 rw-p 0002a000 08:01 2888497    /lib/i386-linux-gnu/libm-2.15.so
b6830000-b70b3000 r-xp 00000000 08:01 9310771    /usr/lib/jvm/java-7-oracle/jre/lib/i386/server/libjvm.so
b70b3000-b7117000 rw-p 00882000 08:01 9310771    /usr/lib/jvm/java-7-oracle/jre/lib/i386/server/libjvm.so
b7117000-b753b000 rw-p 00000000 00:00 0 
b753b000-b76df000 r-xp 00000000 08:01 2888483    /lib/i386-linux-gnu/libc-2.15.so
b76df000-b76e1000 r--p 001a4000 08:01 2888483    /lib/i386-linux-gnu/libc-2.15.so
b76e1000-b76e2000 rw-p 001a6000 08:01 2888483    /lib/i386-linux-gnu/libc-2.15.so
b76e2000-b76e5000 rw-p 00000000 00:00 0 
b76e5000-b76e8000 r-xp 00000000 08:01 2888489    /lib/i386-linux-gnu/libdl-2.15.so
b76e8000-b76e9000 r--p 00002000 08:01 2888489    /lib/i386-linux-gnu/libdl-2.15.so
b76e9000-b76ea000 rw-p 00003000 08:01 2888489    /lib/i386-linux-gnu/libdl-2.15.so
b76ea000-b76eb000 rw-p 00000000 00:00 0 
b76eb000-b76fe000 r-xp 00000000 08:01 9310722    /usr/lib/jvm/java-7-oracle/jre/lib/i386/jli/libjli.so
b76fe000-b76ff000 rw-p 00012000 08:01 9310722    /usr/lib/jvm/java-7-oracle/jre/lib/i386/jli/libjli.so
b76ff000-b7716000 r-xp 00000000 08:01 2888496    /lib/i386-linux-gnu/libpthread-2.15.so
b7716000-b7717000 r--p 00016000 08:01 2888496    /lib/i386-linux-gnu/libpthread-2.15.so
b7717000-b7718000 rw-p 00017000 08:01 2888496    /lib/i386-linux-gnu/libpthread-2.15.so
b7718000-b771a000 rw-p 00000000 00:00 0 
b771a000-b771c000 r--s 00011000 08:01 26346799   /home/abhinav/.m2/repository/org/hamcrest/hamcrest-core/1.1/hamcrest-core-1.1.jar
b771c000-b771e000 r--s 00007000 08:01 23466882   /home/abhinav/.m2/repository/org/apache/maven/surefire/surefire-booter/2.12/surefire-booter-2.12.jar
b771e000-b771f000 r--s 00003000 08:01 6951224    /home/abhinav/Desktop/newMS-302/TAMA-Web/tama.util.editpatientid/target/surefire/surefirebooter593498135013945502.jar
b771f000-b7720000 r--p 00858000 08:01 8788590    /usr/lib/locale/locale-archive
b7720000-b7721000 rw-p 00000000 00:00 0 
b7721000-b7722000 r--p 00000000 00:00 0 
b7722000-b772d000 r-xp 00000000 08:01 9310789    /usr/lib/jvm/java-7-oracle/jre/lib/i386/libverify.so
b772d000-b772e000 rw-p 0000b000 08:01 9310789    /usr/lib/jvm/java-7-oracle/jre/lib/i386/libverify.so
b772e000-b7730000 rw-p 00000000 00:00 0 
b7730000-b7731000 r-xp 00000000 00:00 0          [vdso]
b7731000-b7751000 r-xp 00000000 08:01 2888500    /lib/i386-linux-gnu/ld-2.15.so
b7751000-b7752000 r--p 0001f000 08:01 2888500    /lib/i386-linux-gnu/ld-2.15.so
b7752000-b7753000 rw-p 00020000 08:01 2888500    /lib/i386-linux-gnu/ld-2.15.so
bfb6a000-bfb6b000 rwxp 00000000 00:00 0 
bfb9d000-bfbbe000 rw-p 00000000 00:00 0          [stack]

VM Arguments:
jvm_args: -XX:MaxPermSize=256M -ea -javaagent:/home/abhinav/.m2/repository/org/powermock/powermock-module-javaagent/1.4.9/powermock-module-javaagent-1.4.9.jar -XX:-UseSplitVerifier 
java_command: /home/abhinav/Desktop/newMS-302/TAMA-Web/tama.util.editpatientid/target/surefire/surefirebooter593498135013945502.jar /home/abhinav/Desktop/newMS-302/TAMA-Web/tama.util.editpatientid/target/surefire/surefire4731442442641804668tmp /home/abhinav/Desktop/newMS-302/TAMA-Web/tama.util.editpatientid/target/surefire/surefire_0775069373332136359tmp
Launcher Type: SUN_STANDARD

Environment Variables:
JAVA_HOME=/usr/lib/jvm/java-7-oracle
PATH=/home/abhinav/Development/adt-bundle-linux-x86-20140702/sdk/platform-tools:/home/abhinav/Development/adt-bundle-linux-x86-20140702/sdk/tools:/usr/local/sbin:/usr/local/bin:/usr/sbin:/usr/bin:/sbin:/bin:/usr/games:/home/abhinav/Development/adt-bundle-linux-x86-20140702/sdk/platform-tools:/home/abhinav/Development/adt-bundle-linux-x86-20140702/sdk/tools:/home/abhinav/Development/adt-bundle-linux-x86-20140702/sdk/platform-tools:/home/abhinav/Development/adt-bundle-linux-x86-20140702/sdk/tools:/home/abhinav/bin:/usr/lib/jvm/java-7-oracle/bin
SHELL=/bin/bash

Signal Handlers:
SIGSEGV: [libjvm.so+0x7e7680], sa_mask[0]=0x7ffbfeff, sa_flags=0x10000004
SIGBUS: [libjvm.so+0x7e7680], sa_mask[0]=0x7ffbfeff, sa_flags=0x10000004
SIGFPE: [libjvm.so+0x6818a0], sa_mask[0]=0x7ffbfeff, sa_flags=0x10000004
SIGPIPE: [libjvm.so+0x6818a0], sa_mask[0]=0x7ffbfeff, sa_flags=0x10000004
SIGXFSZ: [libjvm.so+0x6818a0], sa_mask[0]=0x7ffbfeff, sa_flags=0x10000004
SIGILL: [libjvm.so+0x6818a0], sa_mask[0]=0x7ffbfeff, sa_flags=0x10000004
SIGUSR1: SIG_DFL, sa_mask[0]=0x00000000, sa_flags=0x00000000
SIGUSR2: [libjvm.so+0x6830a0], sa_mask[0]=0x00000004, sa_flags=0x10000004
SIGHUP: [libjvm.so+0x6843a0], sa_mask[0]=0x7ffbfeff, sa_flags=0x10000004
SIGINT: [libjvm.so+0x6843a0], sa_mask[0]=0x7ffbfeff, sa_flags=0x10000004
SIGTERM: [libjvm.so+0x6843a0], sa_mask[0]=0x7ffbfeff, sa_flags=0x10000004
SIGQUIT: [libjvm.so+0x6843a0], sa_mask[0]=0x7ffbfeff, sa_flags=0x10000004


---------------  S Y S T E M  ---------------

OS:wheezy/sid

uname:Linux 3.5.0-54-generic #81~precise1-Ubuntu SMP Tue Jul 15 04:05:58 UTC 2014 i686
libc:glibc 2.15 NPTL 2.15 
rlimit: STACK 8192k, CORE 0k, NPROC 46782, NOFILE 4096, AS infinity
load average:0.25 0.22 0.23

/proc/meminfo:
MemTotal:        6004024 kB
MemFree:          500548 kB
Buffers:          457880 kB
Cached:          1441912 kB
SwapCached:       271596 kB
Active:          3380084 kB
Inactive:        1889768 kB
Active(anon):    2710908 kB
Inactive(anon):  1191632 kB
Active(file):     669176 kB
Inactive(file):   698136 kB
Unevictable:          64 kB
Mlocked:              64 kB
HighTotal:       5170916 kB
HighFree:         427400 kB
LowTotal:         833108 kB
LowFree:           73148 kB
SwapTotal:       3985404 kB
SwapFree:        2713952 kB
Dirty:               696 kB
Writeback:             0 kB
AnonPages:       3166304 kB
Mapped:           351008 kB
Shmem:            532420 kB
Slab:             165364 kB
SReclaimable:     131820 kB
SUnreclaim:        33544 kB
KernelStack:        8000 kB
PageTables:        34856 kB
NFS_Unstable:          0 kB
Bounce:                0 kB
WritebackTmp:          0 kB
CommitLimit:     6987416 kB
Committed_AS:   11883988 kB
VmallocTotal:     122880 kB
VmallocUsed:       17940 kB
VmallocChunk:      22076 kB
HardwareCorrupted:     0 kB
AnonHugePages:         0 kB
HugePages_Total:       0
HugePages_Free:        0
HugePages_Rsvd:        0
HugePages_Surp:        0
Hugepagesize:       2048 kB
DirectMap4k:       10232 kB
DirectMap2M:      903168 kB


CPU:total 4 (2 cores per cpu, 2 threads per core) family 6 model 37 stepping 5, cmov, cx8, fxsr, mmx, sse, sse2, sse3, ssse3, sse4.1, sse4.2, popcnt, ht, tsc, tscinvbit

/proc/cpuinfo:
processor	: 0
vendor_id	: GenuineIntel
cpu family	: 6
model		: 37
model name	: Intel(R) Core(TM) i3 CPU         540  @ 3.07GHz
stepping	: 5
microcode	: 0x2
cpu MHz		: 1995.000
cache size	: 4096 KB
physical id	: 0
siblings	: 4
core id		: 0
cpu cores	: 2
apicid		: 0
initial apicid	: 0
fdiv_bug	: no
hlt_bug		: no
f00f_bug	: no
coma_bug	: no
fpu		: yes
fpu_exception	: yes
cpuid level	: 11
wp		: yes
flags		: fpu vme de pse tsc msr pae mce cx8 apic sep mtrr pge mca cmov pat pse36 clflush dts acpi mmx fxsr sse sse2 ss ht tm pbe nx rdtscp lm constant_tsc arch_perfmon pebs bts xtopology nonstop_tsc aperfmperf pni dtes64 monitor ds_cpl vmx est tm2 ssse3 cx16 xtpr pdcm pcid sse4_1 sse4_2 popcnt lahf_lm arat dtherm tpr_shadow vnmi flexpriority ept vpid
bogomips	: 6118.17
clflush size	: 64
cache_alignment	: 64
address sizes	: 36 bits physical, 48 bits virtual
power management:

processor	: 1
vendor_id	: GenuineIntel
cpu family	: 6
model		: 37
model name	: Intel(R) Core(TM) i3 CPU         540  @ 3.07GHz
stepping	: 5
microcode	: 0x2
cpu MHz		: 3059.000
cache size	: 4096 KB
physical id	: 0
siblings	: 4
core id		: 0
cpu cores	: 2
apicid		: 1
initial apicid	: 1
fdiv_bug	: no
hlt_bug		: no
f00f_bug	: no
coma_bug	: no
fpu		: yes
fpu_exception	: yes
cpuid level	: 11
wp		: yes
flags		: fpu vme de pse tsc msr pae mce cx8 apic sep mtrr pge mca cmov pat pse36 clflush dts acpi mmx fxsr sse sse2 ss ht tm pbe nx rdtscp lm constant_tsc arch_perfmon pebs bts xtopology nonstop_tsc aperfmperf pni dtes64 monitor ds_cpl vmx est tm2 ssse3 cx16 xtpr pdcm pcid sse4_1 sse4_2 popcnt lahf_lm arat dtherm tpr_shadow vnmi flexpriority ept vpid
bogomips	: 6118.17
clflush size	: 64
cache_alignment	: 64
address sizes	: 36 bits physical, 48 bits virtual
power management:

processor	: 2
vendor_id	: GenuineIntel
cpu family	: 6
model		: 37
model name	: Intel(R) Core(TM) i3 CPU         540  @ 3.07GHz
stepping	: 5
microcode	: 0x2
cpu MHz		: 3059.000
cache size	: 4096 KB
physical id	: 0
siblings	: 4
core id		: 2
cpu cores	: 2
apicid		: 4
initial apicid	: 4
fdiv_bug	: no
hlt_bug		: no
f00f_bug	: no
coma_bug	: no
fpu		: yes
fpu_exception	: yes
cpuid level	: 11
wp		: yes
flags		: fpu vme de pse tsc msr pae mce cx8 apic sep mtrr pge mca cmov pat pse36 clflush dts acpi mmx fxsr sse sse2 ss ht tm pbe nx rdtscp lm constant_tsc arch_perfmon pebs bts xtopology nonstop_tsc aperfmperf pni dtes64 monitor ds_cpl vmx est tm2 ssse3 cx16 xtpr pdcm pcid sse4_1 sse4_2 popcnt lahf_lm arat dtherm tpr_shadow vnmi flexpriority ept vpid
bogomips	: 6118.17
clflush size	: 64
cache_alignment	: 64
address sizes	: 36 bits physical, 48 bits virtual
power management:

processor	: 3
vendor_id	: GenuineIntel
cpu family	: 6
model		: 37
model name	: Intel(R) Core(TM) i3 CPU         540  @ 3.07GHz
stepping	: 5
microcode	: 0x2
cpu MHz		: 3059.000
cache size	: 4096 KB
physical id	: 0
siblings	: 4
core id		: 2
cpu cores	: 2
apicid		: 5
initial apicid	: 5
fdiv_bug	: no
hlt_bug		: no
f00f_bug	: no
coma_bug	: no
fpu		: yes
fpu_exception	: yes
cpuid level	: 11
wp		: yes
flags		: fpu vme de pse tsc msr pae mce cx8 apic sep mtrr pge mca cmov pat pse36 clflush dts acpi mmx fxsr sse sse2 ss ht tm pbe nx rdtscp lm constant_tsc arch_perfmon pebs bts xtopology nonstop_tsc aperfmperf pni dtes64 monitor ds_cpl vmx est tm2 ssse3 cx16 xtpr pdcm pcid sse4_1 sse4_2 popcnt lahf_lm arat dtherm tpr_shadow vnmi flexpriority ept vpid
bogomips	: 6118.17
clflush size	: 64
cache_alignment	: 64
address sizes	: 36 bits physical, 48 bits virtual
power management:



Memory: 4k page, physical 6004024k(500548k free), swap 3985404k(2713952k free)

vm_info: Java HotSpot(TM) Server VM (24.65-b04) for linux-x86 JRE (1.7.0_67-b01), built on Jul 25 2014 08:54:54 by "java_re" with gcc 4.3.0 20080428 (Red Hat 4.3.0-8)

time: Fri May  1 14:02:43 2015
elapsed time: 1 seconds

