#
# A fatal error has been detected by the Java Runtime Environment:
#
#  SIGSEGV (0xb) at pc=0xb6c66f7c, pid=32082, tid=1930242880
#
# JRE version: Java(TM) SE Runtime Environment (7.0_67-b01) (build 1.7.0_67-b01)
# Java VM: Java HotSpot(TM) Server VM (24.65-b04 mixed mode linux-x86 )
# Problematic frame:
# V  [libjvm.so+0x45bf7c]  instanceKlass::oop_follow_contents(ParCompactionManager*, oopDesc*)+0xfc
#
# Failed to write core dump. Core dumps have been disabled. To enable core dumping, try "ulimit -c unlimited" before starting Java again
#
# If you would like to submit a bug report, please visit:
#   http://bugreport.sun.com/bugreport/crash.jsp
#

---------------  T H R E A D  ---------------

Current thread (0xb6612c00):  GCTaskThread [stack: 0x73052000,0x730d3000] [id=32092]

siginfo:si_signo=SIGSEGV: si_errno=0, si_code=1 (SEGV_MAPERR), si_addr=0x2de22d44

Registers:
EAX=0x70a00000, EBX=0x00000100, ECX=0xb66c4c08, EDX=0x00ba922d
ESP=0x730d1fd0, EBP=0x730d1ff8, ESI=0x2de22d40, EDI=0xade22d38
EIP=0xb6c66f7c, EFLAGS=0x00010246, CR2=0x2de22d44

Top of Stack: (sp=0x730d1fd0)
0x730d1fd0:   b7101880 adff7148 fffffff8 742d6930
0x730d1fe0:   742d6938 ade22d3c b66c4c68 b66c4d28
0x730d1ff0:   ade22d10 b66c4c48 730d20a8 b6edf0c5
0x730d2000:   742d67d0 b66c4c48 ade22d10 4994004e
0x730d2010:   00b500f3 b66c4c50 730d20c8 00b400f3
0x730d2020:   b66c4c50 b66c4c48 73501078 b66c4c50
0x730d2030:   00020000 b66c4c50 730d2068 00010000
0x730d2040:   b66c4c68 b66c4ca8 addc9a18 000036ff 

Instructions: (pc=0xb6c66f7c)
0xb6c66f5c:   c1 d3 eb 89 da 83 e3 1f 88 d9 b8 01 00 00 00 d3
0xb6c66f6c:   e0 c1 ea 05 89 c3 a1 58 18 10 b7 85 1c 90 75 bc
0xb6c66f7c:   8b 46 04 8d 50 08 8b 5a 04 83 fb 00 0f 8e 5a 01
0xb6c66f8c:   00 00 f6 c3 01 0f 85 b1 00 00 00 c1 fb 02 50 53 

Register to memory mapping:

EAX=0x70a00000 is an unknown value
EBX=0x00000100 is an unknown value
ECX=0xb66c4c08 is an unknown value
EDX=0x00ba922d is an unknown value
ESP=0x730d1fd0 is an unknown value
EBP=0x730d1ff8 is an unknown value
ESI=0x2de22d40 is an unknown value
EDI=0xade22d38 is an unknown value


Stack: [0x73052000,0x730d3000],  sp=0x730d1fd0,  free space=511k
Native frames: (J=compiled Java code, j=interpreted, Vv=VM code, C=native code)
V  [libjvm.so+0x45bf7c]  instanceKlass::oop_follow_contents(ParCompactionManager*, oopDesc*)+0xfc
V  [libjvm.so+0x6d40c5]  ParCompactionManager::follow_marking_stacks()+0x135
V  [libjvm.so+0x6be317]  StealMarkingTask::do_it(GCTaskManager*, unsigned int)+0x1f7
V  [libjvm.so+0x3f9f56]  GCTaskThread::run()+0x106
V  [libjvm.so+0x686fc9]  java_start(Thread*)+0x119
C  [libpthread.so.0+0x6d4c]  start_thread+0xcc


---------------  P R O C E S S  ---------------

Java Threads: ( => current thread )
  0x6f424400 JavaThread "process reaper" daemon [_thread_blocked, id=32105, stack(0x6f2e5000,0x6f300000)]
  0x7029a800 JavaThread "Service Thread" daemon [_thread_blocked, id=32101, stack(0x6fcad000,0x6fcfe000)]
  0x70298800 JavaThread "C2 CompilerThread1" daemon [_thread_blocked, id=32100, stack(0x6fcfe000,0x6fd7f000)]
  0x70296800 JavaThread "C2 CompilerThread0" daemon [_thread_blocked, id=32099, stack(0x6fd7f000,0x6fe00000)]
  0x70295000 JavaThread "Signal Dispatcher" daemon [_thread_blocked, id=32098, stack(0x72b2e000,0x72b7f000)]
  0x70285400 JavaThread "Finalizer" daemon [_thread_blocked, id=32097, stack(0x72e2e000,0x72e7f000)]
  0x70283c00 JavaThread "Reference Handler" daemon [_thread_blocked, id=32096, stack(0x73001000,0x73052000)]
  0xb6607400 JavaThread "main" [_thread_blocked, id=32090, stack(0xb678e000,0xb67df000)]

Other Threads:
  0x70281400 VMThread [stack: 0x7031a000,0x7039b000] [id=32095]
  0x7029c800 WatcherThread [stack: 0x6fc2c000,0x6fcad000] [id=32102]

=>0xb6612c00 (exited) GCTaskThread [stack: 0x73052000,0x730d3000] [id=32092]

VM state:at safepoint (normal execution)

VM Mutex/Monitor currently owned by a thread:  ([mutex/lock_event])
[0xb6604d50] Threads_lock - owner thread: 0x70281400
[0xb6605160] Heap_lock - owner thread: 0xb6607400

Heap
 PSYoungGen      total 81664K, used 15045K [0xa8a40000, 0xaee80000, 0xb3500000)
  eden space 62208K, 0% used [0xa8a40000,0xa8a40000,0xac700000)
  from space 19456K, 77% used [0xada80000,0xae931628,0xaed80000)
  to   space 19968K, 0% used [0xac700000,0xac700000,0xada80000)
 ParOldGen       total 174848K, used 13968K [0x93500000, 0x9dfc0000, 0xa8a40000)
  object space 174848K, 7% used [0x93500000,0x942a4378,0x9dfc0000)
 PSPermGen       total 16384K, used 14912K [0x73500000, 0x74500000, 0x93500000)
  object space 16384K, 91% used [0x73500000,0x74390118,0x74500000)

Card table byte_map: [0x732ff000,0x73500000] byte_map_base: 0x72f64800

Polling page: 0xb76fc000

Code Cache  [0xb35e8000, 0xb3828000, 0xb65e8000)
 total_blobs=796 nmethods=655 adapters=94 free_code_cache=47234Kb largest_free_block=48340608

Compilation events (10 events):
Event: 58.978 Thread 0x70298800 nmethod 691 0xb37ca8c8 code [0xb37ca9c0, 0xb37caa30]
Event: 58.987 Thread 0x70298800  692   !         com.sun.tools.javac.util.DiagnosticSource::findLine (235 bytes)
Event: 58.995 Thread 0x70298800 nmethod 692 0xb37ca0c8 code [0xb37ca200, 0xb37ca684]
Event: 58.995 Thread 0x70298800  693             com.sun.tools.javac.util.List::length (24 bytes)
Event: 58.996 Thread 0x70298800 nmethod 693 0xb37c9ec8 code [0xb37c9fc0, 0xb37ca030]
Event: 58.996 Thread 0x70298800  694             com.sun.tools.javac.code.Symbol$ClassSymbol::flags (16 bytes)
Event: 59.001 Thread 0x70298800 nmethod 694 0xb37c9948 code [0xb37c9a60, 0xb37c9d10]
Event: 59.007 Thread 0x70298800  695             java.lang.Boolean::valueOf (14 bytes)
Event: 59.007 Thread 0x70298800 nmethod 695 0xb37c97c8 code [0xb37c98c0, 0xb37c9910]
Event: 59.025 Thread 0x70298800  696             com.sun.tools.javac.jvm.ClassReader::setParameterNames (220 bytes)

GC Heap History (10 events):
Event: 31.424 GC heap after
Heap after GC invocations=4 (full 0):
 PSYoungGen      total 76800K, used 8285K [0xa8a40000, 0xadfc0000, 0xb3500000)
  eden space 66048K, 0% used [0xa8a40000,0xa8a40000,0xacac0000)
  from space 10752K, 77% used [0xad540000,0xadd57450,0xadfc0000)
  to   space 10752K, 0% used [0xacac0000,0xacac0000,0xad540000)
 ParOldGen       total 174848K, used 12K [0x93500000, 0x9dfc0000, 0xa8a40000)
  object space 174848K, 0% used [0x93500000,0x93503000,0x9dfc0000)
 PSPermGen       total 16384K, used 10550K [0x73500000, 0x74500000, 0x93500000)
  object space 16384K, 64% used [0x73500000,0x73f4d8c0,0x74500000)
}
Event: 41.488 GC heap before
{Heap before GC invocations=5 (full 0):
 PSYoungGen      total 76800K, used 74333K [0xa8a40000, 0xadfc0000, 0xb3500000)
  eden space 66048K, 100% used [0xa8a40000,0xacac0000,0xacac0000)
  from space 10752K, 77% used [0xad540000,0xadd57450,0xadfc0000)
  to   space 10752K, 0% used [0xacac0000,0xacac0000,0xad540000)
 ParOldGen       total 174848K, used 12K [0x93500000, 0x9dfc0000, 0xa8a40000)
  object space 174848K, 0% used [0x93500000,0x93503000,0x9dfc0000)
 PSPermGen       total 16384K, used 11431K [0x73500000, 0x74500000, 0x93500000)
  object space 16384K, 69% used [0x73500000,0x74029ce8,0x74500000)
Event: 41.501 GC heap after
Heap after GC invocations=5 (full 0):
 PSYoungGen      total 76800K, used 10738K [0xa8a40000, 0xadfc0000, 0xb3500000)
  eden space 66048K, 0% used [0xa8a40000,0xa8a40000,0xacac0000)
  from space 10752K, 99% used [0xacac0000,0xad53c868,0xad540000)
  to   space 10752K, 0% used [0xad540000,0xad540000,0xadfc0000)
 ParOldGen       total 174848K, used 325K [0x93500000, 0x9dfc0000, 0xa8a40000)
  object space 174848K, 0% used [0x93500000,0x93551768,0x9dfc0000)
 PSPermGen       total 16384K, used 11431K [0x73500000, 0x74500000, 0x93500000)
  object space 16384K, 69% used [0x73500000,0x74029ce8,0x74500000)
}
Event: 54.722 GC heap before
{Heap before GC invocations=6 (full 0):
 PSYoungGen      total 76800K, used 76786K [0xa8a40000, 0xadfc0000, 0xb3500000)
  eden space 66048K, 100% used [0xa8a40000,0xacac0000,0xacac0000)
  from space 10752K, 99% used [0xacac0000,0xad53c868,0xad540000)
  to   space 10752K, 0% used [0xad540000,0xad540000,0xadfc0000)
 ParOldGen       total 174848K, used 325K [0x93500000, 0x9dfc0000, 0xa8a40000)
  object space 174848K, 0% used [0x93500000,0x93551768,0x9dfc0000)
 PSPermGen       total 16384K, used 11708K [0x73500000, 0x74500000, 0x93500000)
  object space 16384K, 71% used [0x73500000,0x7406f348,0x74500000)
Event: 54.748 GC heap after
Heap after GC invocations=6 (full 0):
 PSYoungGen      total 75008K, used 10737K [0xa8a40000, 0xae1c0000, 0xb3500000)
  eden space 64256K, 0% used [0xa8a40000,0xa8a40000,0xac900000)
  from space 10752K, 99% used [0xad540000,0xadfbc440,0xadfc0000)
  to   space 12544K, 0% used [0xac900000,0xac900000,0xad540000)
 ParOldGen       total 174848K, used 1098K [0x93500000, 0x9dfc0000, 0xa8a40000)
  object space 174848K, 0% used [0x93500000,0x93612818,0x9dfc0000)
 PSPermGen       total 16384K, used 11708K [0x73500000, 0x74500000, 0x93500000)
  object space 16384K, 71% used [0x73500000,0x7406f348,0x74500000)
}
Event: 58.236 GC heap before
{Heap before GC invocations=7 (full 0):
 PSYoungGen      total 75008K, used 74993K [0xa8a40000, 0xae1c0000, 0xb3500000)
  eden space 64256K, 100% used [0xa8a40000,0xac900000,0xac900000)
  from space 10752K, 99% used [0xad540000,0xadfbc440,0xadfc0000)
  to   space 12544K, 0% used [0xac900000,0xac900000,0xad540000)
 ParOldGen       total 174848K, used 1098K [0x93500000, 0x9dfc0000, 0xa8a40000)
  object space 174848K, 0% used [0x93500000,0x93612818,0x9dfc0000)
 PSPermGen       total 16384K, used 14272K [0x73500000, 0x74500000, 0x93500000)
  object space 16384K, 87% used [0x73500000,0x742f0358,0x74500000)
Event: 58.265 GC heap after
Heap after GC invocations=7 (full 0):
 PSYoungGen      total 75264K, used 12534K [0xa8a40000, 0xaed80000, 0xb3500000)
  eden space 62720K, 0% used [0xa8a40000,0xa8a40000,0xac780000)
  from space 12544K, 99% used [0xac900000,0xad53d8d0,0xad540000)
  to   space 19456K, 0% used [0xada80000,0xada80000,0xaed80000)
 ParOldGen       total 174848K, used 12956K [0x93500000, 0x9dfc0000, 0xa8a40000)
  object space 174848K, 7% used [0x93500000,0x941a7378,0x9dfc0000)
 PSPermGen       total 16384K, used 14272K [0x73500000, 0x74500000, 0x93500000)
  object space 16384K, 87% used [0x73500000,0x742f0358,0x74500000)
}
Event: 59.035 GC heap before
{Heap before GC invocations=8 (full 0):
 PSYoungGen      total 75264K, used 42434K [0xa8a40000, 0xaed80000, 0xb3500000)
  eden space 62720K, 47% used [0xa8a40000,0xaa772fc0,0xac780000)
  from space 12544K, 99% used [0xac900000,0xad53d8d0,0xad540000)
  to   space 19456K, 0% used [0xada80000,0xada80000,0xaed80000)
 ParOldGen       total 174848K, used 12956K [0x93500000, 0x9dfc0000, 0xa8a40000)
  object space 174848K, 7% used [0x93500000,0x941a7378,0x9dfc0000)
 PSPermGen       total 16384K, used 14912K [0x73500000, 0x74500000, 0x93500000)
  object space 16384K, 91% used [0x73500000,0x74390118,0x74500000)
Event: 59.056 GC heap after
Heap after GC invocations=8 (full 0):
 PSYoungGen      total 81664K, used 15045K [0xa8a40000, 0xaee80000, 0xb3500000)
  eden space 62208K, 0% used [0xa8a40000,0xa8a40000,0xac700000)
  from space 19456K, 77% used [0xada80000,0xae931628,0xaed80000)
  to   space 19968K, 0% used [0xac700000,0xac700000,0xada80000)
 ParOldGen       total 174848K, used 13968K [0x93500000, 0x9dfc0000, 0xa8a40000)
  object space 174848K, 7% used [0x93500000,0x942a4378,0x9dfc0000)
 PSPermGen       total 16384K, used 14912K [0x73500000, 0x74500000, 0x93500000)
  object space 16384K, 91% used [0x73500000,0x74390118,0x74500000)
}
Event: 59.056 GC heap before
{Heap before GC invocations=9 (full 1):
 PSYoungGen      total 81664K, used 15045K [0xa8a40000, 0xaee80000, 0xb3500000)
  eden space 62208K, 0% used [0xa8a40000,0xa8a40000,0xac700000)
  from space 19456K, 77% used [0xada80000,0xae931628,0xaed80000)
  to   space 19968K, 0% used [0xac700000,0xac700000,0xada80000)
 ParOldGen       total 174848K, used 13968K [0x93500000, 0x9dfc0000, 0xa8a40000)
  object space 174848K, 7% used [0x93500000,0x942a4378,0x9dfc0000)
 PSPermGen       total 16384K, used 14912K [0x73500000, 0x74500000, 0x93500000)
  object space 16384K, 91% used [0x73500000,0x74390118,0x74500000)

Deoptimization events (10 events):
Event: 58.715 Thread 0xb6607400 Uncommon trap: reason=bimorphic action=maybe_recompile pc=0xb36a6f8c method=java.util.HashMap.<init>(IF)V @ 115
Event: 58.783 Thread 0xb6607400 Uncommon trap: reason=bimorphic action=maybe_recompile pc=0xb36a6f8c method=java.util.HashMap.<init>(IF)V @ 115
Event: 58.854 Thread 0xb6607400 Uncommon trap: reason=unreached action=reinterpret pc=0xb3798fe4 method=com.sun.tools.javac.code.Scope.lookup(Lcom/sun/tools/javac/util/Name;Lcom/sun/tools/javac/util/Filter;)Lcom/sun/tools/javac/code/Scope$Entry; @ 30
Event: 58.877 Thread 0xb6607400 Uncommon trap: reason=unreached action=reinterpret pc=0xb37b62c0 method=com.sun.tools.javac.code.Scope.enter(Lcom/sun/tools/javac/code/Symbol;Lcom/sun/tools/javac/code/Scope;Lcom/sun/tools/javac/code/Scope;)V @ 114
Event: 58.985 Thread 0xb6607400 Uncommon trap: reason=unreached action=reinterpret pc=0xb37a938c method=com.sun.tools.javac.code.Scope.dble()V @ 44
Event: 59.034 Thread 0xb6607400 Uncommon trap: reason=bimorphic action=maybe_recompile pc=0xb371cbc4 method=java.util.regex.Pattern$Branch.match(Ljava/util/regex/Matcher;ILjava/lang/CharSequence;)Z @ 32
Event: 59.034 Thread 0xb6607400 Uncommon trap: reason=bimorphic action=maybe_recompile pc=0xb371cbc4 method=java.util.regex.Pattern$Branch.match(Ljava/util/regex/Matcher;ILjava/lang/CharSequence;)Z @ 32
Event: 59.034 Thread 0xb6607400 Uncommon trap: reason=bimorphic action=maybe_recompile pc=0xb367d4e8 method=java.util.regex.Pattern$CharProperty.match(Ljava/util/regex/Matcher;ILjava/lang/CharSequence;)Z @ 37
Event: 59.035 Thread 0xb6607400 Uncommon trap: reason=bimorphic action=maybe_recompile pc=0xb371cbc4 method=java.util.regex.Pattern$Branch.match(Ljava/util/regex/Matcher;ILjava/lang/CharSequence;)Z @ 32
Event: 59.035 Thread 0xb6607400 Uncommon trap: reason=bimorphic action=maybe_recompile pc=0xb367d4e8 method=java.util.regex.Pattern$CharProperty.match(Ljava/util/regex/Matcher;ILjava/lang/CharSequence;)Z @ 37

Internal exceptions (10 events):
Event: 58.579 Thread 0xb6607400 Threw 0xa911e6b0 at /HUDSON/workspace/7u-2-build-linux-i586/jdk7u67/1368/hotspot/src/share/vm/prims/jvm.cpp:1244
Event: 58.848 Thread 0xb6607400 Threw 0xaa41a250 at /HUDSON/workspace/7u-2-build-linux-i586/jdk7u67/1368/hotspot/src/share/vm/prims/jvm.cpp:1244
Event: 58.886 Thread 0xb6607400 Threw 0xaa499710 at /HUDSON/workspace/7u-2-build-linux-i586/jdk7u67/1368/hotspot/src/share/vm/prims/jvm.cpp:1244
Event: 58.886 Thread 0xb6607400 Threw 0xaa49fe08 at /HUDSON/workspace/7u-2-build-linux-i586/jdk7u67/1368/hotspot/src/share/vm/prims/jvm.cpp:1244
Event: 58.887 Thread 0xb6607400 Threw 0xaa4a0830 at /HUDSON/workspace/7u-2-build-linux-i586/jdk7u67/1368/hotspot/src/share/vm/prims/jvm.cpp:1244
Event: 58.887 Thread 0xb6607400 Threw 0xaa4a0e88 at /HUDSON/workspace/7u-2-build-linux-i586/jdk7u67/1368/hotspot/src/share/vm/prims/jvm.cpp:1244
Event: 58.887 Thread 0xb6607400 Threw 0xaa4a14f0 at /HUDSON/workspace/7u-2-build-linux-i586/jdk7u67/1368/hotspot/src/share/vm/prims/jvm.cpp:1244
Event: 58.925 Thread 0xb6607400 Threw 0xaa503d98 at /HUDSON/workspace/7u-2-build-linux-i586/jdk7u67/1368/hotspot/src/share/vm/prims/jvm.cpp:1244
Event: 58.991 Thread 0xb6607400 Threw 0xaa64f638 at /HUDSON/workspace/7u-2-build-linux-i586/jdk7u67/1368/hotspot/src/share/vm/prims/jvm.cpp:1244
Event: 58.991 Thread 0xb6607400 Threw 0xaa650c80 at /HUDSON/workspace/7u-2-build-linux-i586/jdk7u67/1368/hotspot/src/share/vm/prims/jvm.cpp:1244

Events (10 events):
Event: 59.034 Thread 0xb6607400 Uncommon trap: trap_request=0xffffffc6 fr.pc=0xb367d4e8
Event: 59.034 Thread 0xb6607400 DEOPT PACKING pc=0xb367d4e8 sp=0xb67dd1e0
Event: 59.034 Thread 0xb6607400 DEOPT UNPACKING pc=0xb3614bc8 sp=0xb67dd1c4 mode 2
Event: 59.035 Thread 0xb6607400 Uncommon trap: trap_request=0xffffffc6 fr.pc=0xb371cbc4
Event: 59.035 Thread 0xb6607400 DEOPT PACKING pc=0xb371cbc4 sp=0xb67dd140
Event: 59.035 Thread 0xb6607400 DEOPT UNPACKING pc=0xb3614bc8 sp=0xb67dd134 mode 2
Event: 59.035 Thread 0xb6607400 Uncommon trap: trap_request=0xffffffc6 fr.pc=0xb367d4e8
Event: 59.035 Thread 0xb6607400 DEOPT PACKING pc=0xb367d4e8 sp=0xb67dd070
Event: 59.035 Thread 0xb6607400 DEOPT UNPACKING pc=0xb3614bc8 sp=0xb67dd064 mode 2
Event: 59.035 Executing VM operation: ParallelGCSystemGC


Dynamic libraries:
08048000-08049000 r-xp 00000000 08:01 9441294    /usr/lib/jvm/java-7-oracle/bin/java
08049000-0804a000 rw-p 00000000 08:01 9441294    /usr/lib/jvm/java-7-oracle/bin/java
08433000-084ec000 rw-p 00000000 00:00 0          [heap]
6d38e000-6d500000 rw-p 00000000 00:00 0 
6d500000-6d5ff000 rw-p 00000000 00:00 0 
6d5ff000-6d600000 ---p 00000000 00:00 0 
6d600000-6d690000 rw-p 00000000 00:00 0 
6d690000-6d700000 ---p 00000000 00:00 0 
6d700000-6d8fa000 rw-p 00000000 00:00 0 
6d8fa000-6d900000 ---p 00000000 00:00 0 
6d900000-6d9fc000 rw-p 00000000 00:00 0 
6d9fc000-6da00000 ---p 00000000 00:00 0 
6db00000-6dbf8000 rw-p 00000000 00:00 0 
6dbf8000-6dc00000 ---p 00000000 00:00 0 
6dc95000-6dd00000 r--s 00e22000 08:01 9443658    /usr/lib/jvm/java-7-oracle/lib/tools.jar
6dd00000-6df00000 rw-p 00000000 00:00 0 
6df00000-6e000000 rw-p 00000000 00:00 0 
6e000000-6e0fa000 rw-p 00000000 00:00 0 
6e0fa000-6e100000 ---p 00000000 00:00 0 
6e100000-6e1f3000 rw-p 00000000 00:00 0 
6e1f3000-6e200000 ---p 00000000 00:00 0 
6e300000-6e3e1000 rw-p 00000000 00:00 0 
6e3e1000-6e400000 ---p 00000000 00:00 0 
6e500000-6e5f9000 rw-p 00000000 00:00 0 
6e5f9000-6e600000 ---p 00000000 00:00 0 
6e646000-6e6ef000 rw-p 00000000 00:00 0 
6e6ef000-6e6f4000 r--s 00034000 08:01 4722633    /home/abhinav/Desktop/newMS-302/TAMA-Web/tama.web/target/tama-0.7-SNAPSHOT-classes.jar
6e6f4000-6e6f7000 r--s 0001e000 08:01 26740773   /home/abhinav/.m2/repository/org/mortbay/jetty/servlet-api-2.5/6.1.2/servlet-api-2.5-6.1.2.jar
6e6f7000-6e6fa000 r--s 0001d000 08:01 24514689   /home/abhinav/.m2/repository/org/mortbay/jetty/jetty-util/6.1.2/jetty-util-6.1.2.jar
6e6fa000-6e700000 r--s 0006e000 08:01 24255927   /home/abhinav/.m2/repository/org/mortbay/jetty/jetty/6.1.2/jetty-6.1.2.jar
6e700000-6e800000 rw-p 00000000 00:00 0 
6e802000-6e804000 r--s 00003000 08:01 27394641   /home/abhinav/.m2/repository/org/motechproject/motech-sms-http/0.10.5-SNAPSHOT/motech-sms-http-0.10.5-SNAPSHOT.jar
6e804000-6e805000 r--s 00002000 08:01 27394577   /home/abhinav/.m2/repository/org/motechproject/motech-sms-api/0.10.5-SNAPSHOT/motech-sms-api-0.10.5-SNAPSHOT.jar
6e805000-6e808000 r--s 00015000 08:01 23201885   /home/abhinav/.m2/repository/commons-pool/commons-pool/1.5.4/commons-pool-1.5.4.jar
6e808000-6e80b000 r--s 00025000 08:01 23201884   /home/abhinav/.m2/repository/commons-dbcp/commons-dbcp/1.4/commons-dbcp-1.4.jar
6e80b000-6e80d000 r--s 00004000 08:01 26610053   /home/abhinav/.m2/repository/org/motechproject/motech-platform-scheduler/0.10.5-SNAPSHOT/motech-platform-scheduler-0.10.5-SNAPSHOT.jar
6e80d000-6e80f000 r--s 00003000 08:01 26870494   /home/abhinav/.m2/repository/org/motechproject/motech-platform-decisiontree-common/0.10.5-SNAPSHOT/motech-platform-decisiontree-common-0.10.5-SNAPSHOT.jar
6e80f000-6e811000 r--s 00003000 08:01 26870550   /home/abhinav/.m2/repository/org/motechproject/motech-platform-decisiontree/0.10.5-SNAPSHOT/motech-platform-decisiontree-0.10.5-SNAPSHOT.jar
6e811000-6e813000 r--s 0000d000 08:01 26870723   /home/abhinav/.m2/repository/org/springframework/ws/spring-xml/1.0-m2/spring-xml-1.0-m2.jar
6e813000-6e815000 r--s 0000a000 08:01 26870724   /home/abhinav/.m2/repository/org/springframework/ws/spring-oxm/1.0-m2/spring-oxm-1.0-m2.jar
6e815000-6e817000 r--s 00001000 08:01 26870722   /home/abhinav/.m2/repository/org/springframework/ws/spring-oxm-tiger/1.0-m2/spring-oxm-tiger-1.0-m2.jar
6e817000-6e819000 r--s 00008000 08:01 26870755   /home/abhinav/.m2/repository/org/motechproject/motech-pillreminder/0.10.5-SNAPSHOT/motech-pillreminder-0.10.5-SNAPSHOT.jar
6e819000-6e81b000 r--s 00008000 08:01 26739709   /home/abhinav/.m2/repository/org/json/json/20080701/json-20080701.jar
6e81b000-6e81c000 r--s 00005000 08:01 26871687   /home/abhinav/.m2/repository/com/ozonetel/kookoo/kookoo/1.1/kookoo-1.1.jar
6e81c000-6e81e000 r--s 00008000 08:01 27002274   /home/abhinav/.m2/repository/org/motechproject/motech-ivr-kookoo/0.10.5-SNAPSHOT/motech-ivr-kookoo-0.10.5-SNAPSHOT.jar
6e81e000-6e83c000 r--s 00546000 08:01 25954104   /home/abhinav/.m2/repository/com/ibm/icu/icu4j/4.0.1/icu4j-4.0.1.jar
6e83c000-6e841000 r--s 0002c000 08:01 25954102   /home/abhinav/.m2/repository/commons-net/commons-net/2.0/commons-net-2.0.jar
6e841000-6e843000 r--s 00003000 08:01 25954101   /home/abhinav/.m2/repository/org/apache/geronimo/specs/geronimo-j2ee-management_1.1_spec/1.0.1/geronimo-j2ee-management_1.1_spec-1.0.1.jar
6e843000-6e847000 r--s 00024000 08:01 25954100   /home/abhinav/.m2/repository/org/osgi/org.osgi.core/4.1.0/org.osgi.core-4.1.0.jar
6e847000-6e84a000 r--s 00022000 08:01 25954099   /home/abhinav/.m2/repository/org/apache/activemq/protobuf/activemq-protobuf/1.1/activemq-protobuf-1.1.jar
6e84a000-6e84d000 r--s 00023000 08:01 25954098   /home/abhinav/.m2/repository/org/apache/activemq/kahadb/5.4.2/kahadb-5.4.2.jar
6e84d000-6e851000 r--s 00016000 08:01 25954097   /home/abhinav/.m2/repository/org/apache/activemq/activeio-core/3.1.2/activeio-core-3.1.2.jar
6e851000-6e853000 r--s 00006000 08:01 25954096   /home/abhinav/.m2/repository/org/apache/geronimo/specs/geronimo-jms_1.1_spec/1.1.1/geronimo-jms_1.1_spec-1.1.1.jar
6e853000-6e854000 r--s 0000a000 08:01 23201468   /home/abhinav/.m2/repository/commons-logging/commons-logging-api/1.1/commons-logging-api-1.1.jar
6e854000-6e88a000 r--s 002f5000 08:01 25954095   /home/abhinav/.m2/repository/org/apache/activemq/activemq-core/5.4.2/activemq-core-5.4.2.jar
6e88a000-6e897000 r--s 00071000 08:01 26479023   /home/abhinav/.m2/repository/org/springframework/integration/spring-integration-core/2.0.3.RELEASE/spring-integration-core-2.0.3.RELEASE.jar
6e897000-6e899000 r--s 0000d000 08:01 26479021   /home/abhinav/.m2/repository/org/springframework/integration/spring-integration-jms/2.0.3.RELEASE/spring-integration-jms-2.0.3.RELEASE.jar
6e899000-6e8a7000 r--s 0018b000 08:01 25692367   /home/abhinav/.m2/repository/org/eclipse/jdt/core/compiler/ecj/3.5.1/ecj-3.5.1.jar
6e8a7000-6e8aa000 r--s 00022000 08:01 24907818   /home/abhinav/.m2/repository/org/antlr/antlr-runtime/3.1.3/antlr-runtime-3.1.3.jar
6e8aa000-6e8bc000 r--s 00100000 08:01 22678575   /home/abhinav/.m2/repository/org/drools/drools-compiler/5.1.1/drools-compiler-5.1.1.jar
6e8bc000-6e8c8000 r--s 00098000 08:01 26479018   /home/abhinav/.m2/repository/org/mvel/mvel2/2.0.16/mvel2-2.0.16.jar
6e8c8000-6e8f0000 r--s 001da000 08:01 22678574   /home/abhinav/.m2/repository/org/drools/drools-core/5.1.1/drools-core-5.1.1.jar
6e8f0000-6e8f8000 r--s 0001f000 08:01 22678573   /home/abhinav/.m2/repository/org/drools/drools-api/5.1.1/drools-api-5.1.1.jar
6e8f8000-6e8fe000 r--s 0005a000 08:01 26479016   /home/abhinav/.m2/repository/org/apache/felix/org.apache.felix.framework/3.0.8/org.apache.felix.framework-3.0.8.jar
6e8fe000-6e900000 r--s 00008000 08:01 26479006   /home/abhinav/.m2/repository/org/motechproject/motech-platform-server-api/0.10.5-SNAPSHOT/motech-platform-server-api-0.10.5-SNAPSHOT.jar
6e900000-6e9f4000 rw-p 00000000 00:00 0 
6e9f4000-6ea00000 ---p 00000000 00:00 0 
6ea00000-6ea02000 r--s 00007000 08:01 26870666   /home/abhinav/.m2/repository/org/motechproject/motech-pillreminder-api/0.10.5-SNAPSHOT/motech-pillreminder-api-0.10.5-SNAPSHOT.jar
6ea02000-6ea0e000 r--s 00068000 08:01 22678572   /home/abhinav/.m2/repository/org/asteriskjava/asterisk-java/1.0.0.M3/asterisk-java-1.0.0.M3.jar
6ea0e000-6ea10000 r--s 00003000 08:01 26479007   /home/abhinav/.m2/repository/org/motechproject/motech-platform-ivr/0.10.5-SNAPSHOT/motech-platform-ivr-0.10.5-SNAPSHOT.jar
6ea10000-6ea11000 r--s 00002000 08:01 27526497   /home/abhinav/.m2/repository/net/sf/kxml/kxml2-min/2.3.0/kxml2-min-2.3.0.jar
6ea11000-6ea1d000 r--s 0006d000 08:01 27526496   /home/abhinav/.m2/repository/com/thoughtworks/xstream/xstream/1.4/xstream-1.4.jar
6ea1d000-6ea21000 r--s 00017000 08:01 27526700   /home/abhinav/.m2/repository/org/motechproject/tama/tama.ivr/0.7-SNAPSHOT/tama.ivr-0.7-SNAPSHOT.jar
6ea21000-6ea23000 r--s 00005000 08:01 26871659   /home/abhinav/.m2/repository/org/motechproject/motech-alerts-api/0.10.5-SNAPSHOT/motech-alerts-api-0.10.5-SNAPSHOT.jar
6ea23000-6ea27000 r--s 0001d000 08:01 27526472   /home/abhinav/.m2/repository/org/motechproject/tama/tama.patient/0.7-SNAPSHOT/tama.patient-0.7-SNAPSHOT.jar
6ea27000-6ea29000 r--s 00002000 08:01 26609832   /home/abhinav/.m2/repository/org/motechproject/tama-motech-contrib/motech-http-client/0.10-SNAPSHOT/motech-http-client-0.10-SNAPSHOT.jar
6ea29000-6ea2b000 r--s 00002000 08:01 27526230   /home/abhinav/.m2/repository/org/motechproject/tama/tama.reporting/0.7-SNAPSHOT/tama.reporting-0.7-SNAPSHOT.jar
6ea2b000-6ea2c000 r--s 00001000 08:01 26348719   /home/abhinav/.m2/repository/org/motechproject/motech-testing-utils/0.10.5-SNAPSHOT/motech-testing-utils-0.10.5-SNAPSHOT.jar
6ea2c000-6ea2e000 r--s 00018000 08:01 23334232   /home/abhinav/.m2/repository/javax/servlet/servlet-api/2.5/servlet-api-2.5.jar
6ea2e000-6ea30000 r--s 00003000 08:01 26870812   /home/abhinav/.m2/repository/org/motechproject/motech-cmslite-api/0.10.5-SNAPSHOT/motech-cmslite-api-0.10.5-SNAPSHOT.jar
6ea30000-6ea35000 r--s 00018000 08:01 26348737   /home/abhinav/.m2/repository/org/aspectj/aspectjrt/1.6.8/aspectjrt-1.6.8.jar
6ea35000-6ea37000 r--s 00001000 08:01 27525975   /home/abhinav/.m2/repository/org/motechproject/motech-seed/0.12-SNAPSHOT/motech-seed-0.12-SNAPSHOT.jar
6ea37000-6ea3a000 r--s 00010000 08:01 27526120   /home/abhinav/.m2/repository/org/motechproject/tama/tama.refdata/0.7-SNAPSHOT/tama.refdata-0.7-SNAPSHOT.jar
6ea3a000-6ea3c000 r--s 00005000 08:01 27526326   /home/abhinav/.m2/repository/org/motechproject/tama/tama.facility/0.7-SNAPSHOT/tama.facility-0.7-SNAPSHOT.jar
6ea3c000-6ea40000 r--s 00027000 08:01 26084385   /home/abhinav/.m2/repository/com/google/code/gson/gson/1.7.1/gson-1.7.1.jar
6ea40000-6ea41000 r--s 00003000 08:01 23204389   /home/abhinav/.m2/repository/javax/transaction/jta/1.1/jta-1.1.jar
6ea41000-6ea48000 r--s 00066000 08:01 26479012   /home/abhinav/.m2/repository/org/quartz-scheduler/quartz/1.8.4/quartz-1.8.4.jar
6ea48000-6ea4a000 r--s 0000b000 08:01 26479005   /home/abhinav/.m2/repository/org/motechproject/motech-platform-common/0.10.5-SNAPSHOT/motech-platform-common-0.10.5-SNAPSHOT.jar
6ea4a000-6ea4c000 r--s 00007000 08:01 27525936   /home/abhinav/.m2/repository/org/motechproject/tama/tama.common/0.7-SNAPSHOT/tama.common-0.7-SNAPSHOT.jar
6ea4c000-6ea4f000 r--s 00011000 08:01 27527933   /home/abhinav/.m2/repository/org/springframework/security/spring-security-acl/3.1.2.RELEASE/spring-security-acl-3.1.2.RELEASE.jar
6ea4f000-6ea51000 r--s 00004000 08:01 27527932   /home/abhinav/.m2/repository/org/springframework/security/spring-security-taglibs/3.1.2.RELEASE/spring-security-taglibs-3.1.2.RELEASE.jar
6ea51000-6ea58000 r--s 00037000 08:01 23201903   /home/abhinav/.m2/repository/org/springframework/security/spring-security-web/3.1.2.RELEASE/spring-security-web-3.1.2.RELEASE.jar
6ea58000-6ea63000 r--s 00049000 08:01 23201902   /home/abhinav/.m2/repository/org/springframework/security/spring-security-core/3.1.2.RELEASE/spring-security-core-3.1.2.RELEASE.jar
6ea63000-6ea6e000 r--s 00082000 08:01 25431325   /home/abhinav/.m2/repository/org/springframework/spring-webmvc/3.1.2.RELEASE/spring-webmvc-3.1.2.RELEASE.jar
6ea6e000-6ea7a000 r--s 0007a000 08:01 23334586   /home/abhinav/.m2/repository/org/springframework/spring-web/3.1.2.RELEASE/spring-web-3.1.2.RELEASE.jar
6ea7a000-6ea7d000 r--s 00018000 08:01 25431326   /home/abhinav/.m2/repository/org/springframework/spring-context-support/3.1.2.RELEASE/spring-context-support-3.1.2.RELEASE.jar
6ea7d000-6ea7f000 r--s 0000b000 08:01 27395427   /home/abhinav/.m2/repository/org/springframework/spring-aspects/3.1.2.RELEASE/spring-aspects-3.1.2.RELEASE.jar
6ea7f000-6ea8b000 r--s 00085000 08:01 23334560   /home/abhinav/.m2/repository/org/springframework/spring-beans/3.1.2.RELEASE/spring-beans-3.1.2.RELEASE.jar
6ea8b000-6ea8c000 r--s 00004000 08:01 26348649   /home/abhinav/.m2/repository/org/motechproject/tama/reports/tama-reports-contract/1.0-SNAPSHOT/tama-reports-contract-1.0-SNAPSHOT.jar
6ea8c000-6ea90000 r--s 00027000 08:01 23334568   /home/abhinav/.m2/repository/org/springframework/spring-expression/3.1.2.RELEASE/spring-expression-3.1.2.RELEASE.jar
6ea90000-6eaa5000 r--s 000b7000 08:01 23334562   /home/abhinav/.m2/repository/org/springframework/spring-context/3.1.2.RELEASE/spring-context-3.1.2.RELEASE.jar
6eaa5000-6eaac000 r--s 00035000 08:01 27395421   /home/abhinav/.m2/repository/org/springframework/spring-tx/3.1.2.RELEASE/spring-tx-3.1.2.RELEASE.jar
6eaac000-6eb00000 r--s 003ed000 08:01 26871686   /home/abhinav/.m2/repository/org/springframework/webflow/spring-js-resources/2.2.1.RELEASE/spring-js-resources-2.2.1.RELEASE.jar
6eb00000-6ebfa000 rw-p 00000000 00:00 0 
6ebfa000-6ec00000 ---p 00000000 00:00 0 
6ec00000-6ed00000 rw-p 00000000 00:00 0 
6ed00000-6edff000 rw-p 00000000 00:00 0 
6edff000-6ee00000 ---p 00000000 00:00 0 
6ee00000-6ee05000 r--s 0002c000 08:01 27526153   /home/abhinav/.m2/repository/org/springframework/spring-jms/3.1.2.RELEASE/spring-jms-3.1.2.RELEASE.jar
6ee05000-6ee0f000 r--s 00059000 08:01 27395404   /home/abhinav/.m2/repository/org/springframework/spring-jdbc/3.1.2.RELEASE/spring-jdbc-3.1.2.RELEASE.jar
6ee0f000-6ee11000 r--s 00000000 08:01 23201892   /home/abhinav/.m2/repository/aopalliance/aopalliance/1.0/aopalliance-1.0.jar
6ee11000-6ee1a000 r--s 00049000 08:01 23334561   /home/abhinav/.m2/repository/org/springframework/spring-aop/3.1.2.RELEASE/spring-aop-3.1.2.RELEASE.jar
6ee1a000-6ee1b000 r--s 0000c000 08:01 23334564   /home/abhinav/.m2/repository/org/springframework/spring-asm/3.1.2.RELEASE/spring-asm-3.1.2.RELEASE.jar
6ee1b000-6ee25000 r--s 00064000 08:01 23334563   /home/abhinav/.m2/repository/org/springframework/spring-core/3.1.2.RELEASE/spring-core-3.1.2.RELEASE.jar
6ee25000-6ee2b000 r--s 0007e000 08:01 27790228   /home/abhinav/.m2/repository/org/apache/derby/derbyclient/10.8.2.2/derbyclient-10.8.2.2.jar
6ee2b000-6ee2f000 r--s 0002a000 08:01 25954203   /home/abhinav/.m2/repository/commons-io/commons-io/2.4/commons-io-2.4.jar
6ee2f000-6ee4c000 r--s 0017c000 08:01 26084511   /home/abhinav/.m2/repository/org/apache/poi/poi/3.7/poi-3.7.jar
6ee4c000-6ee56000 r--s 0005c000 08:01 23462461   /home/abhinav/.m2/repository/javax/servlet/jstl/1.2/jstl-1.2.jar
6ee56000-6ee57000 r--s 00004000 08:01 27527927   /home/abhinav/.m2/repository/org/apache/tiles/tiles-template/2.2.1/tiles-template-2.2.1.jar
6ee57000-6ee59000 r--s 0000c000 08:01 27527926   /home/abhinav/.m2/repository/org/apache/tiles/tiles-servlet/2.2.1/tiles-servlet-2.2.1.jar
6ee59000-6ee5b000 r--s 0000a000 08:01 27527924   /home/abhinav/.m2/repository/org/apache/tiles/tiles-jsp/2.2.1/tiles-jsp-2.2.1.jar
6ee5b000-6ee5e000 r--s 0000c000 08:01 27394412   /home/abhinav/.m2/repository/commons-fileupload/commons-fileupload/1.2.1/commons-fileupload-1.2.1.jar
6ee5e000-6ee63000 r--s 00034000 08:01 26871688   /home/abhinav/.m2/repository/commons-beanutils/commons-beanutils/1.8.0/commons-beanutils-1.8.0.jar
6ee63000-6ee67000 r--s 00021000 08:01 26871685   /home/abhinav/.m2/repository/commons-digester/commons-digester/2.0/commons-digester-2.0.jar
6ee67000-6ee69000 r--s 00006000 08:01 27527923   /home/abhinav/.m2/repository/org/apache/tiles/tiles-api/2.2.1/tiles-api-2.2.1.jar
6ee69000-6ee6d000 r--s 00022000 08:01 27527921   /home/abhinav/.m2/repository/org/apache/tiles/tiles-core/2.2.1/tiles-core-2.2.1.jar
6ee6d000-6ee74000 r--s 000b5000 08:01 24514700   /home/abhinav/.m2/repository/mysql/mysql-connector-java/5.1.13/mysql-connector-java-5.1.13.jar
6ee74000-6ee7a000 r--s 00045000 08:01 23331361   /home/abhinav/.m2/repository/commons-httpclient/commons-httpclient/3.1/commons-httpclient-3.1.jar
6ee7a000-6ee80000 r--s 00033000 08:01 23334492   /home/abhinav/.m2/repository/commons-codec/commons-codec/1.6/commons-codec-1.6.jar
6ee80000-6ee82000 r--s 0000d000 08:01 23201888   /home/abhinav/.m2/repository/commons-logging/commons-logging/1.1.1/commons-logging-1.1.1.jar
6ee82000-6ee88000 r--s 00031000 08:01 24778661   /home/abhinav/.m2/repository/org/apache/httpcomponents/httpcore/4.2.2/httpcore-4.2.2.jar
6ee88000-6ee91000 r--s 00060000 08:01 27525821   /home/abhinav/.m2/repository/org/apache/httpcomponents/httpclient/4.2.2/httpclient-4.2.2.jar
6ee91000-6ee93000 r--s 0000e000 08:01 23331338   /home/abhinav/.m2/repository/javax/activation/activation/1.1/activation-1.1.jar
6ee93000-6ee99000 r--s 00059000 08:01 23204246   /home/abhinav/.m2/repository/javax/mail/mail/1.4/mail-1.4.jar
6ee99000-6eeaf000 r--s 00181000 08:01 26871003   /home/abhinav/.m2/repository/org/aspectj/aspectjweaver/1.6.9/aspectjweaver-1.6.9.jar
6eeaf000-6eeb2000 ---p 00000000 00:00 0 
6eeb2000-6ef01000 rw-p 00000000 00:00 0 
6ef01000-6ef02000 rw-p 00000000 00:00 0 
6ef02000-6ef05000 r--s 0002f000 08:01 23201904   /home/abhinav/.m2/repository/org/springframework/security/spring-security-config/3.1.2.RELEASE/spring-security-config-3.1.2.RELEASE.jar
6ef05000-6ef0a000 r--s 00040000 08:01 24255939   /home/abhinav/.m2/repository/commons-lang/commons-lang/2.5/commons-lang-2.5.jar
6ef0a000-6ef11000 r--s 00040000 08:01 27395431   /home/abhinav/.m2/repository/cglib/cglib/2.2.2/cglib-2.2.2.jar
6ef11000-6ef12000 r--s 00003000 08:01 26871002   /home/abhinav/.m2/repository/org/ektorp/org.ektorp.spring/1.2.2/org.ektorp.spring-1.2.2.jar
6ef12000-6ef14000 r--s 00018000 08:01 24645256   /home/abhinav/.m2/repository/org/apache/httpcomponents/httpclient-cache/4.1.1/httpclient-cache-4.1.1.jar
6ef14000-6ef19000 r--s 00037000 08:01 26477933   /home/abhinav/.m2/repository/org/ektorp/org.ektorp/1.2.2/org.ektorp-1.2.2.jar
6ef19000-6ef1c000 r--s 00009000 08:01 23201917   /home/abhinav/.m2/repository/javax/validation/validation-api/1.0.0.GA/validation-api-1.0.0.GA.jar
6ef1c000-6ef1f000 r--s 0000b000 08:01 23462445   /home/abhinav/.m2/repository/javax/persistence/persistence-api/1.0.2/persistence-api-1.0.2.jar
6ef1f000-6ef21000 r--s 00007000 08:01 25824206   /home/abhinav/.m2/repository/joda-time/joda-time-jsptags/1.1.1/joda-time-jsptags-1.1.1.jar
6ef21000-6ef30000 r--s 0007c000 08:01 23201922   /home/abhinav/.m2/repository/joda-time/joda-time/2.0/joda-time-2.0.jar
6ef30000-6ef36000 r--s 0007e000 08:01 26476841   /home/abhinav/.m2/repository/postgresql/postgresql/9.1-901.jdbc4/postgresql-9.1-901.jdbc4.jar
6ef36000-6ef3e000 r--s 00066000 08:01 26610059   /home/abhinav/.m2/repository/org/apache/velocity/velocity/1.7/velocity-1.7.jar
6ef3e000-6ef40000 r--s 00011000 08:01 26346799   /home/abhinav/.m2/repository/org/hamcrest/hamcrest-core/1.1/hamcrest-core-1.1.jar
6ef40000-6ef47000 r--s 00037000 08:01 24385099   /home/abhinav/.m2/repository/junit/junit/4.10/junit-4.10.jar
6ef47000-6ef56000 r--s 000b0000 08:01 23331339   /home/abhinav/.m2/repository/org/codehaus/jackson/jackson-mapper-asl/1.9.9/jackson-mapper-asl-1.9.9.jar
6ef56000-6ef5a000 r--s 00035000 08:01 23331340   /home/abhinav/.m2/repository/org/codehaus/jackson/jackson-core-asl/1.9.9/jackson-core-asl-1.9.9.jar
6ef5a000-6ef5f000 r--s 00026000 08:01 27525820   /home/abhinav/.m2/repository/org/jasypt/jasypt/1.7/jasypt-1.7.jar
6ef5f000-6ef68000 r--s 0006d000 08:01 23467149   /home/abhinav/.m2/repository/log4j/log4j/1.2.16/log4j-1.2.16.jar
6ef68000-6ef69000 r--s 00002000 08:01 25824181   /home/abhinav/.m2/repository/org/slf4j/slf4j-log4j12/1.6.1/slf4j-log4j12-1.6.1.jar
6ef69000-6ef6b000 r--s 00003000 08:01 23727203   /home/abhinav/.m2/repository/org/slf4j/jcl-over-slf4j/1.6.1/jcl-over-slf4j-1.6.1.jar
6ef6b000-6ef6d000 r--s 00005000 08:01 23201914   /home/abhinav/.m2/repository/org/slf4j/slf4j-api/1.6.1/slf4j-api-1.6.1.jar
6ef6d000-6ef6f000 r--s 0000d000 08:01 24907455   /home/abhinav/.m2/repository/org/jboss/logging/jboss-logging/3.1.0.CR2/jboss-logging-3.1.0.CR2.jar
6ef6f000-6ef7b000 r--s 00069000 08:01 27395616   /home/abhinav/.m2/repository/org/hibernate/hibernate-validator/4.3.0.Final/hibernate-validator-4.3.0.Final.jar
6ef7b000-6ef8a000 r--s 00199000 08:01 22678523   /home/abhinav/.m2/repository/org/projectlombok/lombok/0.10.8/lombok-0.10.8.jar
6ef8a000-6ef97000 r--s 0007f000 08:01 26346622   /home/abhinav/.m2/repository/commons-collections/commons-collections/3.2/commons-collections-3.2.jar
6ef97000-6efb4000 r--s 0013c000 08:01 26348835   /home/abhinav/.m2/repository/org/mockito/mockito-all/1.8.4/mockito-all-1.8.4.jar
6efb4000-6efba000 r--s 00049000 08:01 22939658   /home/abhinav/.m2/repository/cglib/cglib-nodep/2.2/cglib-nodep-2.2.jar
6efba000-6efbc000 r--s 00007000 08:01 26346260   /home/abhinav/.m2/repository/org/objenesis/objenesis/1.2/objenesis-1.2.jar
6efbc000-6efc3000 r--s 0007e000 08:01 26347882   /home/abhinav/.m2/repository/org/hamcrest/hamcrest-all/1.1/hamcrest-all-1.1.jar
6efc3000-6efc7000 r--s 0001e000 08:01 26476834   /home/abhinav/.m2/repository/com/googlecode/lambdaj/lambdaj/2.3.3/lambdaj-2.3.3.jar
6efc7000-6efc9000 r--s 00002000 08:01 22806663   /home/abhinav/.m2/repository/org/codehaus/plexus/plexus-compiler-javac/1.8.1/plexus-compiler-javac-1.8.1.jar
6efc9000-6efcb000 r--s 00000000 08:01 22806662   /home/abhinav/.m2/repository/org/codehaus/plexus/plexus-compiler-manager/1.8.1/plexus-compiler-manager-1.8.1.jar
6efcb000-6efcc000 r--s 00004000 08:01 22806661   /home/abhinav/.m2/repository/org/codehaus/plexus/plexus-compiler-api/1.8.1/plexus-compiler-api-1.8.1.jar
6efcc000-6efce000 r--s 00006000 08:01 22677498   /home/abhinav/.m2/repository/org/apache/maven/plugins/maven-compiler-plugin/2.3.2/maven-compiler-plugin-2.3.2.jar
6efce000-6efd0000 r--s 0000d000 08:01 22806772   /home/abhinav/.m2/repository/org/codehaus/plexus/plexus-interpolation/1.13/plexus-interpolation-1.13.jar
6efd0000-6efd1000 r--s 00001000 08:01 22806829   /home/abhinav/.m2/repository/org/sonatype/plexus/plexus-build-api/0.0.4/plexus-build-api-0.0.4.jar
6efd1000-6efd4000 ---p 00000000 00:00 0 
6efd4000-6f022000 rw-p 00000000 00:00 0 
6f022000-6f035000 r-xp 00000000 08:01 2888492    /lib/i386-linux-gnu/libresolv-2.15.so
6f035000-6f036000 ---p 00013000 08:01 2888492    /lib/i386-linux-gnu/libresolv-2.15.so
6f036000-6f037000 r--p 00013000 08:01 2888492    /lib/i386-linux-gnu/libresolv-2.15.so
6f037000-6f038000 rw-p 00014000 08:01 2888492    /lib/i386-linux-gnu/libresolv-2.15.so
6f038000-6f03a000 rw-p 00000000 00:00 0 
6f03a000-6f03f000 r-xp 00000000 08:01 2888487    /lib/i386-linux-gnu/libnss_dns-2.15.so
6f03f000-6f040000 r--p 00004000 08:01 2888487    /lib/i386-linux-gnu/libnss_dns-2.15.so
6f040000-6f041000 rw-p 00005000 08:01 2888487    /lib/i386-linux-gnu/libnss_dns-2.15.so
6f041000-6f044000 ---p 00000000 00:00 0 
6f044000-6f092000 rw-p 00000000 00:00 0 
6f092000-6f095000 ---p 00000000 00:00 0 
6f095000-6f0e3000 rw-p 00000000 00:00 0 
6f0e3000-6f0e6000 ---p 00000000 00:00 0 
6f0e6000-6f134000 rw-p 00000000 00:00 0 
6f134000-6f150000 r-xp 00000000 08:01 2884437    /lib/i386-linux-gnu/libgcc_s.so.1
6f150000-6f151000 r--p 0001b000 08:01 2884437    /lib/i386-linux-gnu/libgcc_s.so.1
6f151000-6f152000 rw-p 0001c000 08:01 2884437    /lib/i386-linux-gnu/libgcc_s.so.1
6f152000-6f154000 r--s 00009000 08:01 22806828   /home/abhinav/.m2/repository/org/apache/maven/shared/maven-filtering/1.0/maven-filtering-1.0.jar
6f154000-6f157000 r--s 0001b000 08:01 22677707   /home/abhinav/.m2/repository/junit/junit/3.8.1/junit-3.8.1.jar
6f157000-6f159000 r--s 00002000 08:01 22806827   /home/abhinav/.m2/repository/org/codehaus/plexus/plexus-interactivity-api/1.0-alpha-4/plexus-interactivity-api-1.0-alpha-4.jar
6f159000-6f15b000 r--s 00006000 08:01 22806826   /home/abhinav/.m2/repository/commons-cli/commons-cli/1.0/commons-cli-1.0.jar
6f15b000-6f15c000 r--s 00001000 08:01 22677716   /home/abhinav/.m2/repository/org/apache/maven/doxia/doxia-sink-api/1.0-alpha-7/doxia-sink-api-1.0-alpha-7.jar
6f15c000-6f166000 r--s 00251000 08:01 9308142    /usr/lib/jvm/java-7-oracle/jre/lib/resources.jar
6f166000-6f199000 r-xp 00000000 08:01 9310785    /usr/lib/jvm/java-7-oracle/jre/lib/i386/libsunec.so
6f199000-6f19d000 rw-p 00032000 08:01 9310785    /usr/lib/jvm/java-7-oracle/jre/lib/i386/libsunec.so
6f19d000-6f1a1000 rw-p 00000000 00:00 0 
6f1a1000-6f1a4000 ---p 00000000 00:00 0 
6f1a4000-6f1f2000 rw-p 00000000 00:00 0 
6f1f2000-6f1f5000 ---p 00000000 00:00 0 
6f1f5000-6f243000 rw-p 00000000 00:00 0 
6f243000-6f246000 ---p 00000000 00:00 0 
6f246000-6f294000 rw-p 00000000 00:00 0 
6f294000-6f297000 ---p 00000000 00:00 0 
6f297000-6f2e5000 rw-p 00000000 00:00 0 
6f2e5000-6f2e8000 ---p 00000000 00:00 0 
6f2e8000-6f300000 rw-p 00000000 00:00 0          [stack:32105]
6f300000-6f500000 rw-p 00000000 00:00 0 
6f500000-6f600000 rw-p 00000000 00:00 0 
6f600000-6f6ff000 rw-p 00000000 00:00 0 
6f6ff000-6f700000 ---p 00000000 00:00 0 
6f700000-6f7d5000 rw-p 00000000 00:00 0 
6f7d5000-6f800000 ---p 00000000 00:00 0 
6f800000-6f8fd000 rw-p 00000000 00:00 0 
6f8fd000-6f900000 ---p 00000000 00:00 0 
6f900000-6fa00000 rw-p 00000000 00:00 0 
6fa00000-6fafd000 rw-p 00000000 00:00 0 
6fafd000-6fb00000 ---p 00000000 00:00 0 
6fb00000-6fbff000 rw-p 00000000 00:00 0 
6fbff000-6fc00000 ---p 00000000 00:00 0 
6fc00000-6fc01000 r--s 00002000 08:01 22677545   /home/abhinav/.m2/repository/org/apache/maven/reporting/maven-reporting-api/2.0.6/maven-reporting-api-2.0.6.jar
6fc01000-6fc03000 r--s 00005000 08:01 22677490   /home/abhinav/.m2/repository/org/apache/maven/plugins/maven-resources-plugin/2.5/maven-resources-plugin-2.5.jar
6fc03000-6fc07000 r--s 00033000 08:01 22806660   /home/abhinav/.m2/repository/org/codehaus/plexus/plexus-utils/2.0.5/plexus-utils-2.0.5.jar
6fc07000-6fc09000 r-xp 00000000 08:01 2883639    /lib/libnss_mdns4_minimal.so.2
6fc09000-6fc0a000 r--p 00001000 08:01 2883639    /lib/libnss_mdns4_minimal.so.2
6fc0a000-6fc0b000 rw-p 00002000 08:01 2883639    /lib/libnss_mdns4_minimal.so.2
6fc0b000-6fc0f000 r--s 0002d000 08:01 9310190    /usr/lib/jvm/java-7-oracle/jre/lib/ext/sunjce_provider.jar
6fc0f000-6fc12000 r--s 00037000 08:01 9310183    /usr/lib/jvm/java-7-oracle/jre/lib/ext/sunpkcs11.jar
6fc12000-6fc16000 r--s 0008a000 08:01 9308489    /usr/lib/jvm/java-7-oracle/jre/lib/jsse.jar
6fc16000-6fc2b000 r-xp 00000000 08:01 9310764    /usr/lib/jvm/java-7-oracle/jre/lib/i386/libnet.so
6fc2b000-6fc2c000 rw-p 00014000 08:01 9310764    /usr/lib/jvm/java-7-oracle/jre/lib/i386/libnet.so
6fc2c000-6fc2d000 ---p 00000000 00:00 0 
6fc2d000-6fcad000 rw-p 00000000 00:00 0          [stack:32102]
6fcad000-6fcb0000 ---p 00000000 00:00 0 
6fcb0000-6fcfe000 rw-p 00000000 00:00 0          [stack:32101]
6fcfe000-6fd01000 ---p 00000000 00:00 0 
6fd01000-6fd7f000 rw-p 00000000 00:00 0          [stack:32100]
6fd7f000-6fd82000 ---p 00000000 00:00 0 
6fd82000-6fe00000 rw-p 00000000 00:00 0          [stack:32099]
6fe00000-70000000 r--p 00000000 08:01 8788590    /usr/lib/locale/locale-archive
70000000-70100000 rw-p 00000000 00:00 0 
70100000-70128000 rw-p 00000000 00:00 0 
70128000-70200000 ---p 00000000 00:00 0 
70200000-702ff000 rw-p 00000000 00:00 0 
702ff000-70300000 ---p 00000000 00:00 0 
70300000-70302000 r--s 00019000 08:01 9309218    /usr/lib/jvm/java-7-oracle/jre/lib/jce.jar
70302000-70304000 r--s 00026000 08:01 27787943   /home/abhinav/Downloads/apache-maven-3.0.5/lib/maven-model-3.0.5.jar
70304000-70312000 r-xp 00000000 08:01 9310695    /usr/lib/jvm/java-7-oracle/jre/lib/i386/libnio.so
70312000-70313000 rw-p 0000e000 08:01 9310695    /usr/lib/jvm/java-7-oracle/jre/lib/i386/libnio.so
70313000-70317000 r--s 0001c000 08:01 27787960   /home/abhinav/Downloads/apache-maven-3.0.5/lib/aether-util-1.13.1.jar
70317000-7031a000 r--s 00008000 08:01 27787944   /home/abhinav/Downloads/apache-maven-3.0.5/lib/maven-settings-builder-3.0.5.jar
7031a000-7031b000 ---p 00000000 00:00 0 
7031b000-703e6000 rw-p 00000000 00:00 0          [stack:32095]
703e6000-705a5000 r--s 039e5000 08:01 9310658    /usr/lib/jvm/java-7-oracle/jre/lib/rt.jar
705a5000-72a00000 rw-p 00000000 00:00 0 
72a00000-72b00000 rw-p 00000000 00:00 0 
72b00000-72b02000 r--s 0000c000 08:01 27787957   /home/abhinav/Downloads/apache-maven-3.0.5/lib/maven-aether-provider-3.0.5.jar
72b02000-72b05000 r--s 0001d000 08:01 27787961   /home/abhinav/Downloads/apache-maven-3.0.5/lib/aether-impl-1.13.1.jar
72b05000-72b0b000 r--s 0002c000 08:01 27787952   /home/abhinav/Downloads/apache-maven-3.0.5/lib/sisu-inject-plexus-2.3.0.jar
72b0b000-72b0d000 r--s 0000d000 08:01 27787945   /home/abhinav/Downloads/apache-maven-3.0.5/lib/plexus-interpolation-1.14.jar
72b0d000-72b0f000 r--s 00009000 08:01 27787964   /home/abhinav/Downloads/apache-maven-3.0.5/lib/commons-cli-1.2.jar
72b0f000-72b2a000 r--s 000fa000 08:01 27787965   /home/abhinav/Downloads/apache-maven-3.0.5/lib/wagon-http-2.4-shaded.jar
72b2a000-72b2e000 r--s 00021000 08:01 27787956   /home/abhinav/Downloads/apache-maven-3.0.5/lib/maven-model-builder-3.0.5.jar
72b2e000-72b31000 ---p 00000000 00:00 0 
72b31000-72b7f000 rw-p 00000000 00:00 0          [stack:32098]
72b7f000-72b80000 ---p 00000000 00:00 0 
72b80000-72c00000 rw-p 00000000 00:00 0          [stack:32094]
72c00000-72c36000 rw-p 00000000 00:00 0 
72c36000-72d00000 ---p 00000000 00:00 0 
72d00000-72d3d000 rw-p 00000000 00:00 0 
72d3d000-72e00000 ---p 00000000 00:00 0 
72e00000-72e01000 r--s 0000a000 08:01 26347156   /home/abhinav/.m2/repository/asm/asm/3.3.1/asm-3.3.1.jar
72e01000-72e03000 r--s 00002000 08:01 27787948   /home/abhinav/Downloads/apache-maven-3.0.5/lib/plexus-cipher-1.7.jar
72e03000-72e05000 r--s 00000000 08:01 27787946   /home/abhinav/Downloads/apache-maven-3.0.5/lib/plexus-component-annotations-1.5.5.jar
72e05000-72e09000 r--s 00033000 08:01 27787941   /home/abhinav/Downloads/apache-maven-3.0.5/lib/plexus-utils-2.0.6.jar
72e09000-72e0f000 r--s 0003f000 08:01 27787962   /home/abhinav/Downloads/apache-maven-3.0.5/lib/maven-compat-3.0.5.jar
72e0f000-72e2e000 r--s 00152000 08:01 27787955   /home/abhinav/Downloads/apache-maven-3.0.5/lib/sisu-guava-0.9.9.jar
72e2e000-72e31000 ---p 00000000 00:00 0 
72e31000-72e7f000 rw-p 00000000 00:00 0          [stack:32097]
72e7f000-72e80000 ---p 00000000 00:00 0 
72e80000-72f00000 rw-p 00000000 00:00 0          [stack:32093]
72f00000-72f22000 rw-p 00000000 00:00 0 
72f22000-73000000 ---p 00000000 00:00 0 
73000000-73001000 r--s 00005000 08:01 22677484   /home/abhinav/.m2/repository/org/apache/maven/plugins/maven-clean-plugin/2.4.1/maven-clean-plugin-2.4.1.jar
73001000-73004000 ---p 00000000 00:00 0 
73004000-73052000 rw-p 00000000 00:00 0          [stack:32096]
73052000-73053000 ---p 00000000 00:00 0 
73053000-730d3000 rw-p 00000000 00:00 0          [stack:32092]
730d3000-730d4000 ---p 00000000 00:00 0 
730d4000-7315c000 rw-p 00000000 00:00 0          [stack:32091]
7315c000-73254000 rw-p 00000000 00:00 0 
73254000-732aa000 rw-p 00000000 00:00 0 
732aa000-732ff000 rw-p 00000000 00:00 0 
732ff000-73307000 rw-p 00000000 00:00 0 
73307000-733ff000 rw-p 00000000 00:00 0 
733ff000-73455000 rw-p 00000000 00:00 0 
73455000-734a9000 rw-p 00000000 00:00 0 
734a9000-734dc000 rw-p 00000000 00:00 0 
734dc000-734ff000 rw-p 00000000 00:00 0 
734ff000-74500000 rw-p 00000000 00:00 0 
74500000-93500000 rw-p 00000000 00:00 0 
93500000-9dfc0000 rw-p 00000000 00:00 0 
9dfc0000-a8a40000 rw-p 00000000 00:00 0 
a8a40000-aee80000 rw-p 00000000 00:00 0 
aee80000-b3500000 rw-p 00000000 00:00 0 
b3500000-b3501000 r--s 00003000 08:01 9310194    /usr/lib/jvm/java-7-oracle/jre/lib/ext/sunec.jar
b3501000-b3502000 r--s 0000a000 08:01 27787939   /home/abhinav/Downloads/apache-maven-3.0.5/lib/maven-embedder-3.0.5.jar
b3502000-b3504000 r--s 0000b000 08:01 27787950   /home/abhinav/Downloads/apache-maven-3.0.5/lib/maven-artifact-3.0.5.jar
b3504000-b3510000 r--s 0007d000 08:01 27787942   /home/abhinav/Downloads/apache-maven-3.0.5/lib/maven-core-3.0.5.jar
b3510000-b3531000 rw-p 00000000 00:00 0 
b3531000-b35e8000 rw-p 00000000 00:00 0 
b35e8000-b3828000 rwxp 00000000 00:00 0 
b3828000-b65e8000 rw-p 00000000 00:00 0 
b65e8000-b65ff000 r-xp 00000000 08:01 9310779    /usr/lib/jvm/java-7-oracle/jre/lib/i386/libzip.so
b65ff000-b6600000 rw-p 00017000 08:01 9310779    /usr/lib/jvm/java-7-oracle/jre/lib/i386/libzip.so
b6600000-b66f5000 rw-p 00000000 00:00 0 
b66f5000-b6700000 ---p 00000000 00:00 0 
b6700000-b6702000 r--s 00006000 08:01 27787967   /home/abhinav/Downloads/apache-maven-3.0.5/lib/aether-connector-wagon-1.13.1.jar
b6702000-b670a000 r--s 00050000 08:01 27787954   /home/abhinav/Downloads/apache-maven-3.0.5/lib/sisu-guice-3.1.0-no_aop.jar
b670a000-b6711000 r--s 00040000 08:01 27787953   /home/abhinav/Downloads/apache-maven-3.0.5/lib/sisu-inject-bean-2.3.0.jar
b6711000-b671c000 r-xp 00000000 08:01 2888495    /lib/i386-linux-gnu/libnss_files-2.15.so
b671c000-b671d000 r--p 0000a000 08:01 2888495    /lib/i386-linux-gnu/libnss_files-2.15.so
b671d000-b671e000 rw-p 0000b000 08:01 2888495    /lib/i386-linux-gnu/libnss_files-2.15.so
b671e000-b6728000 r-xp 00000000 08:01 2888502    /lib/i386-linux-gnu/libnss_nis-2.15.so
b6728000-b6729000 r--p 00009000 08:01 2888502    /lib/i386-linux-gnu/libnss_nis-2.15.so
b6729000-b672a000 rw-p 0000a000 08:01 2888502    /lib/i386-linux-gnu/libnss_nis-2.15.so
b672a000-b6740000 r-xp 00000000 08:01 2888481    /lib/i386-linux-gnu/libnsl-2.15.so
b6740000-b6741000 r--p 00015000 08:01 2888481    /lib/i386-linux-gnu/libnsl-2.15.so
b6741000-b6742000 rw-p 00016000 08:01 2888481    /lib/i386-linux-gnu/libnsl-2.15.so
b6742000-b6744000 rw-p 00000000 00:00 0 
b6744000-b674b000 r-xp 00000000 08:01 2888498    /lib/i386-linux-gnu/libnss_compat-2.15.so
b674b000-b674c000 r--p 00006000 08:01 2888498    /lib/i386-linux-gnu/libnss_compat-2.15.so
b674c000-b674d000 rw-p 00007000 08:01 2888498    /lib/i386-linux-gnu/libnss_compat-2.15.so
b674d000-b674e000 r--p 00000000 00:00 0 
b674e000-b6750000 r--s 0000b000 08:01 27787951   /home/abhinav/Downloads/apache-maven-3.0.5/lib/maven-plugin-api-3.0.5.jar
b6750000-b6751000 r--s 00002000 08:01 27787966   /home/abhinav/Downloads/apache-maven-3.0.5/lib/wagon-file-2.4.jar
b6751000-b6753000 r--s 0000a000 08:01 27787940   /home/abhinav/Downloads/apache-maven-3.0.5/lib/maven-settings-3.0.5.jar
b6753000-b6754000 r--s 00003000 08:01 27787959   /home/abhinav/Downloads/apache-maven-3.0.5/lib/aether-spi-1.13.1.jar
b6754000-b6756000 r--s 00006000 08:01 27787949   /home/abhinav/Downloads/apache-maven-3.0.5/lib/maven-repository-metadata-3.0.5.jar
b6756000-b6759000 r--s 00013000 08:01 27787958   /home/abhinav/Downloads/apache-maven-3.0.5/lib/aether-api-1.13.1.jar
b6759000-b6761000 rw-s 00000000 08:01 29888693   /tmp/hsperfdata_abhinav/32082
b6761000-b6784000 r-xp 00000000 08:01 9310761    /usr/lib/jvm/java-7-oracle/jre/lib/i386/libjava.so
b6784000-b6785000 rw-p 00023000 08:01 9310761    /usr/lib/jvm/java-7-oracle/jre/lib/i386/libjava.so
b6785000-b678c000 r-xp 00000000 08:01 2888501    /lib/i386-linux-gnu/librt-2.15.so
b678c000-b678d000 r--p 00006000 08:01 2888501    /lib/i386-linux-gnu/librt-2.15.so
b678d000-b678e000 rw-p 00007000 08:01 2888501    /lib/i386-linux-gnu/librt-2.15.so
b678e000-b6791000 ---p 00000000 00:00 0 
b6791000-b67df000 rw-p 00000000 00:00 0          [stack:32090]
b67df000-b6809000 r-xp 00000000 08:01 2888497    /lib/i386-linux-gnu/libm-2.15.so
b6809000-b680a000 r--p 00029000 08:01 2888497    /lib/i386-linux-gnu/libm-2.15.so
b680a000-b680b000 rw-p 0002a000 08:01 2888497    /lib/i386-linux-gnu/libm-2.15.so
b680b000-b708e000 r-xp 00000000 08:01 9310771    /usr/lib/jvm/java-7-oracle/jre/lib/i386/server/libjvm.so
b708e000-b70f2000 rw-p 00882000 08:01 9310771    /usr/lib/jvm/java-7-oracle/jre/lib/i386/server/libjvm.so
b70f2000-b7516000 rw-p 00000000 00:00 0 
b7516000-b76ba000 r-xp 00000000 08:01 2888483    /lib/i386-linux-gnu/libc-2.15.so
b76ba000-b76bc000 r--p 001a4000 08:01 2888483    /lib/i386-linux-gnu/libc-2.15.so
b76bc000-b76bd000 rw-p 001a6000 08:01 2888483    /lib/i386-linux-gnu/libc-2.15.so
b76bd000-b76c0000 rw-p 00000000 00:00 0 
b76c0000-b76c3000 r-xp 00000000 08:01 2888489    /lib/i386-linux-gnu/libdl-2.15.so
b76c3000-b76c4000 r--p 00002000 08:01 2888489    /lib/i386-linux-gnu/libdl-2.15.so
b76c4000-b76c5000 rw-p 00003000 08:01 2888489    /lib/i386-linux-gnu/libdl-2.15.so
b76c5000-b76c6000 rw-p 00000000 00:00 0 
b76c6000-b76d9000 r-xp 00000000 08:01 9570883    /usr/lib/jvm/java-7-oracle/lib/i386/jli/libjli.so
b76d9000-b76da000 rw-p 00012000 08:01 9570883    /usr/lib/jvm/java-7-oracle/lib/i386/jli/libjli.so
b76da000-b76f1000 r-xp 00000000 08:01 2888496    /lib/i386-linux-gnu/libpthread-2.15.so
b76f1000-b76f2000 r--p 00016000 08:01 2888496    /lib/i386-linux-gnu/libpthread-2.15.so
b76f2000-b76f3000 rw-p 00017000 08:01 2888496    /lib/i386-linux-gnu/libpthread-2.15.so
b76f3000-b76f5000 rw-p 00000000 00:00 0 
b76f5000-b76f6000 r--s 00006000 08:01 27787947   /home/abhinav/Downloads/apache-maven-3.0.5/lib/plexus-sec-dispatcher-1.3.jar
b76f6000-b76f8000 r--s 0000b000 08:01 27787963   /home/abhinav/Downloads/apache-maven-3.0.5/lib/wagon-provider-api-2.4.jar
b76f8000-b76fa000 r--s 0000a000 08:01 27787938   /home/abhinav/Downloads/apache-maven-3.0.5/boot/plexus-classworlds-2.4.jar
b76fa000-b76fb000 r--p 00858000 08:01 8788590    /usr/lib/locale/locale-archive
b76fb000-b76fc000 rw-p 00000000 00:00 0 
b76fc000-b76fd000 ---p 00000000 00:00 0 
b76fd000-b7708000 r-xp 00000000 08:01 9310789    /usr/lib/jvm/java-7-oracle/jre/lib/i386/libverify.so
b7708000-b7709000 rw-p 0000b000 08:01 9310789    /usr/lib/jvm/java-7-oracle/jre/lib/i386/libverify.so
b7709000-b770b000 rw-p 00000000 00:00 0 
b770b000-b770c000 r-xp 00000000 00:00 0          [vdso]
b770c000-b772c000 r-xp 00000000 08:01 2888500    /lib/i386-linux-gnu/ld-2.15.so
b772c000-b772d000 r--p 0001f000 08:01 2888500    /lib/i386-linux-gnu/ld-2.15.so
b772d000-b772e000 rw-p 00020000 08:01 2888500    /lib/i386-linux-gnu/ld-2.15.so
bfee3000-bfee4000 rwxp 00000000 00:00 0 
bff16000-bff37000 rw-p 00000000 00:00 0          [stack]

VM Arguments:
jvm_args: -Xms256m -Xmx512m -XX:MaxPermSize=512m -XX:+CMSClassUnloadingEnabled -XX:+CMSPermGenSweepingEnabled -Dclassworlds.conf=/home/abhinav/Downloads/apache-maven-3.0.5/bin/m2.conf -Dmaven.home=/home/abhinav/Downloads/apache-maven-3.0.5 
java_command: org.codehaus.plexus.classworlds.launcher.Launcher clean test
Launcher Type: SUN_STANDARD

Environment Variables:
JAVA_HOME=/usr/lib/jvm/java-7-oracle
PATH=/home/abhinav/Development/adt-bundle-linux-x86-20140702/sdk/platform-tools:/home/abhinav/Development/adt-bundle-linux-x86-20140702/sdk/tools:/usr/local/sbin:/usr/local/bin:/usr/sbin:/usr/bin:/sbin:/bin:/usr/games:/home/abhinav/Development/adt-bundle-linux-x86-20140702/sdk/platform-tools:/home/abhinav/Development/adt-bundle-linux-x86-20140702/sdk/tools:/home/abhinav/Development/adt-bundle-linux-x86-20140702/sdk/platform-tools:/home/abhinav/Development/adt-bundle-linux-x86-20140702/sdk/tools:/home/abhinav/bin:/usr/lib/jvm/java-7-oracle/bin
SHELL=/bin/bash

Signal Handlers:
SIGSEGV: [libjvm.so+0x7e7680], sa_mask[0]=0x7ffbfeff, sa_flags=0x10000004
SIGBUS: [libjvm.so+0x7e7680], sa_mask[0]=0x7ffbfeff, sa_flags=0x10000004
SIGFPE: [libjvm.so+0x6818a0], sa_mask[0]=0x7ffbfeff, sa_flags=0x10000004
SIGPIPE: [libjvm.so+0x6818a0], sa_mask[0]=0x7ffbfeff, sa_flags=0x10000004
SIGXFSZ: [libjvm.so+0x6818a0], sa_mask[0]=0x7ffbfeff, sa_flags=0x10000004
SIGILL: [libjvm.so+0x6818a0], sa_mask[0]=0x7ffbfeff, sa_flags=0x10000004
SIGUSR1: SIG_DFL, sa_mask[0]=0x00000000, sa_flags=0x00000000
SIGUSR2: [libjvm.so+0x6830a0], sa_mask[0]=0x00000000, sa_flags=0x10000004
SIGHUP: [libjvm.so+0x6843a0], sa_mask[0]=0x7ffbfeff, sa_flags=0x10000004
SIGINT: [libjvm.so+0x6843a0], sa_mask[0]=0x7ffbfeff, sa_flags=0x10000004
SIGTERM: [libjvm.so+0x6843a0], sa_mask[0]=0x7ffbfeff, sa_flags=0x10000004
SIGQUIT: [libjvm.so+0x6843a0], sa_mask[0]=0x7ffbfeff, sa_flags=0x10000004


---------------  S Y S T E M  ---------------

OS:wheezy/sid

uname:Linux 3.5.0-54-generic #81~precise1-Ubuntu SMP Tue Jul 15 04:05:58 UTC 2014 i686
libc:glibc 2.15 NPTL 2.15 
rlimit: STACK 8192k, CORE 0k, NPROC 46782, NOFILE 4096, AS infinity
load average:0.44 0.29 0.32

/proc/meminfo:
MemTotal:        6004024 kB
MemFree:          315916 kB
Buffers:          364452 kB
Cached:          1395036 kB
SwapCached:       257300 kB
Active:          3756956 kB
Inactive:        1666512 kB
Active(anon):    3178204 kB
Inactive(anon):  1080856 kB
Active(file):     578752 kB
Inactive(file):   585656 kB
Unevictable:          64 kB
Mlocked:              64 kB
HighTotal:       5170916 kB
HighFree:         172456 kB
LowTotal:         833108 kB
LowFree:          143460 kB
SwapTotal:       3985404 kB
SwapFree:        2713672 kB
Dirty:              1012 kB
Writeback:             0 kB
AnonPages:       3472772 kB
Mapped:           372072 kB
Shmem:            594856 kB
Slab:             188744 kB
SReclaimable:     154856 kB
SUnreclaim:        33888 kB
KernelStack:        8560 kB
PageTables:        41200 kB
NFS_Unstable:          0 kB
Bounce:                0 kB
WritebackTmp:          0 kB
CommitLimit:     6987416 kB
Committed_AS:   13163844 kB
VmallocTotal:     122880 kB
VmallocUsed:       17940 kB
VmallocChunk:      22076 kB
HardwareCorrupted:     0 kB
AnonHugePages:         0 kB
HugePages_Total:       0
HugePages_Free:        0
HugePages_Rsvd:        0
HugePages_Surp:        0
Hugepagesize:       2048 kB
DirectMap4k:       10232 kB
DirectMap2M:      903168 kB


CPU:total 4 (2 cores per cpu, 2 threads per core) family 6 model 37 stepping 5, cmov, cx8, fxsr, mmx, sse, sse2, sse3, ssse3, sse4.1, sse4.2, popcnt, ht, tsc, tscinvbit

/proc/cpuinfo:
processor	: 0
vendor_id	: GenuineIntel
cpu family	: 6
model		: 37
model name	: Intel(R) Core(TM) i3 CPU         540  @ 3.07GHz
stepping	: 5
microcode	: 0x2
cpu MHz		: 3059.000
cache size	: 4096 KB
physical id	: 0
siblings	: 4
core id		: 0
cpu cores	: 2
apicid		: 0
initial apicid	: 0
fdiv_bug	: no
hlt_bug		: no
f00f_bug	: no
coma_bug	: no
fpu		: yes
fpu_exception	: yes
cpuid level	: 11
wp		: yes
flags		: fpu vme de pse tsc msr pae mce cx8 apic sep mtrr pge mca cmov pat pse36 clflush dts acpi mmx fxsr sse sse2 ss ht tm pbe nx rdtscp lm constant_tsc arch_perfmon pebs bts xtopology nonstop_tsc aperfmperf pni dtes64 monitor ds_cpl vmx est tm2 ssse3 cx16 xtpr pdcm pcid sse4_1 sse4_2 popcnt lahf_lm arat dtherm tpr_shadow vnmi flexpriority ept vpid
bogomips	: 6118.17
clflush size	: 64
cache_alignment	: 64
address sizes	: 36 bits physical, 48 bits virtual
power management:

processor	: 1
vendor_id	: GenuineIntel
cpu family	: 6
model		: 37
model name	: Intel(R) Core(TM) i3 CPU         540  @ 3.07GHz
stepping	: 5
microcode	: 0x2
cpu MHz		: 3059.000
cache size	: 4096 KB
physical id	: 0
siblings	: 4
core id		: 0
cpu cores	: 2
apicid		: 1
initial apicid	: 1
fdiv_bug	: no
hlt_bug		: no
f00f_bug	: no
coma_bug	: no
fpu		: yes
fpu_exception	: yes
cpuid level	: 11
wp		: yes
flags		: fpu vme de pse tsc msr pae mce cx8 apic sep mtrr pge mca cmov pat pse36 clflush dts acpi mmx fxsr sse sse2 ss ht tm pbe nx rdtscp lm constant_tsc arch_perfmon pebs bts xtopology nonstop_tsc aperfmperf pni dtes64 monitor ds_cpl vmx est tm2 ssse3 cx16 xtpr pdcm pcid sse4_1 sse4_2 popcnt lahf_lm arat dtherm tpr_shadow vnmi flexpriority ept vpid
bogomips	: 6118.17
clflush size	: 64
cache_alignment	: 64
address sizes	: 36 bits physical, 48 bits virtual
power management:

processor	: 2
vendor_id	: GenuineIntel
cpu family	: 6
model		: 37
model name	: Intel(R) Core(TM) i3 CPU         540  @ 3.07GHz
stepping	: 5
microcode	: 0x2
cpu MHz		: 3059.000
cache size	: 4096 KB
physical id	: 0
siblings	: 4
core id		: 2
cpu cores	: 2
apicid		: 4
initial apicid	: 4
fdiv_bug	: no
hlt_bug		: no
f00f_bug	: no
coma_bug	: no
fpu		: yes
fpu_exception	: yes
cpuid level	: 11
wp		: yes
flags		: fpu vme de pse tsc msr pae mce cx8 apic sep mtrr pge mca cmov pat pse36 clflush dts acpi mmx fxsr sse sse2 ss ht tm pbe nx rdtscp lm constant_tsc arch_perfmon pebs bts xtopology nonstop_tsc aperfmperf pni dtes64 monitor ds_cpl vmx est tm2 ssse3 cx16 xtpr pdcm pcid sse4_1 sse4_2 popcnt lahf_lm arat dtherm tpr_shadow vnmi flexpriority ept vpid
bogomips	: 6118.17
clflush size	: 64
cache_alignment	: 64
address sizes	: 36 bits physical, 48 bits virtual
power management:

processor	: 3
vendor_id	: GenuineIntel
cpu family	: 6
model		: 37
model name	: Intel(R) Core(TM) i3 CPU         540  @ 3.07GHz
stepping	: 5
microcode	: 0x2
cpu MHz		: 3059.000
cache size	: 4096 KB
physical id	: 0
siblings	: 4
core id		: 2
cpu cores	: 2
apicid		: 5
initial apicid	: 5
fdiv_bug	: no
hlt_bug		: no
f00f_bug	: no
coma_bug	: no
fpu		: yes
fpu_exception	: yes
cpuid level	: 11
wp		: yes
flags		: fpu vme de pse tsc msr pae mce cx8 apic sep mtrr pge mca cmov pat pse36 clflush dts acpi mmx fxsr sse sse2 ss ht tm pbe nx rdtscp lm constant_tsc arch_perfmon pebs bts xtopology nonstop_tsc aperfmperf pni dtes64 monitor ds_cpl vmx est tm2 ssse3 cx16 xtpr pdcm pcid sse4_1 sse4_2 popcnt lahf_lm arat dtherm tpr_shadow vnmi flexpriority ept vpid
bogomips	: 6118.17
clflush size	: 64
cache_alignment	: 64
address sizes	: 36 bits physical, 48 bits virtual
power management:



Memory: 4k page, physical 6004024k(315916k free), swap 3985404k(2713672k free)

vm_info: Java HotSpot(TM) Server VM (24.65-b04) for linux-x86 JRE (1.7.0_67-b01), built on Jul 25 2014 08:54:54 by "java_re" with gcc 4.3.0 20080428 (Red Hat 4.3.0-8)

time: Tue May  5 12:19:25 2015
elapsed time: 59 seconds

